Calling target program-options parser
[02:04:55.333] [bmv2] [D] [thread 12909] Set default default entry for table 'MyIngress.arp_match': MyIngress.drop - 
[02:04:55.334] [bmv2] [D] [thread 12909] Set default default entry for table 'MyIngress.ipv4_lpm': NoAction - 
[02:04:55.334] [bmv2] [D] [thread 12909] Set default default entry for table 'MyIngress.myTunnel_exact': MyIngress.drop - 
Adding interface s22-eth1 as port 1
[02:04:55.335] [bmv2] [D] [thread 12909] Adding interface s22-eth1 as port 1
Adding interface s22-eth2 as port 2
[02:04:55.363] [bmv2] [D] [thread 12909] Adding interface s22-eth2 as port 2
Server listening on 0.0.0.0:50056
[02:04:55.380] [bmv2] [I] [thread 12909] Starting Thrift server on port 9095
[02:04:55.381] [bmv2] [I] [thread 12909] Thrift server was started
[02:04:55.508] [bmv2] [D] [thread 12928] [0.0] [cxt 0] Processing packet received on port 1
[02:04:55.508] [bmv2] [D] [thread 12928] [0.0] [cxt 0] Parser 'parser': start
[02:04:55.508] [bmv2] [D] [thread 12928] [0.0] [cxt 0] Parser 'parser' entering state 'start'
[02:04:55.508] [bmv2] [D] [thread 12928] [0.0] [cxt 0] Extracting header 'ethernet'
[02:04:55.508] [bmv2] [D] [thread 12928] [0.0] [cxt 0] Parser state 'start': key is 86dd
[02:04:55.508] [bmv2] [T] [thread 12928] [0.0] [cxt 0] Bytes parsed: 14
[02:04:55.508] [bmv2] [D] [thread 12928] [0.0] [cxt 0] Parser 'parser': end
[02:04:55.508] [bmv2] [D] [thread 12928] [0.0] [cxt 0] Pipeline 'ingress': start
[02:04:55.508] [bmv2] [T] [thread 12928] [0.0] [cxt 0] basic.p4(227) Condition "hdr.ethernet.etherType == TYPE_ARP" (node_2) is false
[02:04:55.508] [bmv2] [T] [thread 12928] [0.0] [cxt 0] basic.p4(231) Condition "hdr.ipv4.isValid() && !hdr.myTunnel.isValid()" (node_4) is false
[02:04:55.508] [bmv2] [T] [thread 12928] [0.0] [cxt 0] basic.p4(236) Condition "hdr.myTunnel.isValid()" (node_6) is false
[02:04:55.508] [bmv2] [D] [thread 12928] [0.0] [cxt 0] Pipeline 'ingress': end
[02:04:55.508] [bmv2] [D] [thread 12928] [0.0] [cxt 0] Egress port is 0
[02:04:55.508] [bmv2] [D] [thread 12929] [0.0] [cxt 0] Pipeline 'egress': start
[02:04:55.508] [bmv2] [D] [thread 12929] [0.0] [cxt 0] Pipeline 'egress': end
[02:04:55.508] [bmv2] [D] [thread 12929] [0.0] [cxt 0] Deparser 'deparser': start
[02:04:55.508] [bmv2] [T] [thread 12929] [0.0] [cxt 0] Skipping checksum 'cksum' update because condition not met
[02:04:55.508] [bmv2] [D] [thread 12929] [0.0] [cxt 0] Deparsing header 'ethernet'
[02:04:55.508] [bmv2] [D] [thread 12929] [0.0] [cxt 0] Deparser 'deparser': end
[02:04:55.508] [bmv2] [D] [thread 12933] [0.0] [cxt 0] Transmitting packet of size 90 out of port 0
[02:04:55.532] [bmv2] [D] [thread 12928] [1.0] [cxt 0] Processing packet received on port 1
[02:04:55.532] [bmv2] [D] [thread 12928] [1.0] [cxt 0] Parser 'parser': start
[02:04:55.532] [bmv2] [D] [thread 12928] [1.0] [cxt 0] Parser 'parser' entering state 'start'
[02:04:55.532] [bmv2] [D] [thread 12928] [1.0] [cxt 0] Extracting header 'ethernet'
[02:04:55.532] [bmv2] [D] [thread 12928] [1.0] [cxt 0] Parser state 'start': key is 86dd
[02:04:55.532] [bmv2] [T] [thread 12928] [1.0] [cxt 0] Bytes parsed: 14
[02:04:55.532] [bmv2] [D] [thread 12928] [1.0] [cxt 0] Parser 'parser': end
[02:04:55.532] [bmv2] [D] [thread 12928] [1.0] [cxt 0] Pipeline 'ingress': start
[02:04:55.532] [bmv2] [T] [thread 12928] [1.0] [cxt 0] basic.p4(227) Condition "hdr.ethernet.etherType == TYPE_ARP" (node_2) is false
[02:04:55.532] [bmv2] [T] [thread 12928] [1.0] [cxt 0] basic.p4(231) Condition "hdr.ipv4.isValid() && !hdr.myTunnel.isValid()" (node_4) is false
[02:04:55.532] [bmv2] [T] [thread 12928] [1.0] [cxt 0] basic.p4(236) Condition "hdr.myTunnel.isValid()" (node_6) is false
[02:04:55.532] [bmv2] [D] [thread 12928] [1.0] [cxt 0] Pipeline 'ingress': end
[02:04:55.532] [bmv2] [D] [thread 12928] [1.0] [cxt 0] Egress port is 0
[02:04:55.532] [bmv2] [D] [thread 12929] [1.0] [cxt 0] Pipeline 'egress': start
[02:04:55.532] [bmv2] [D] [thread 12929] [1.0] [cxt 0] Pipeline 'egress': end
[02:04:55.532] [bmv2] [D] [thread 12929] [1.0] [cxt 0] Deparser 'deparser': start
[02:04:55.532] [bmv2] [T] [thread 12929] [1.0] [cxt 0] Skipping checksum 'cksum' update because condition not met
[02:04:55.532] [bmv2] [D] [thread 12929] [1.0] [cxt 0] Deparsing header 'ethernet'
[02:04:55.532] [bmv2] [D] [thread 12929] [1.0] [cxt 0] Deparser 'deparser': end
[02:04:55.533] [bmv2] [D] [thread 12933] [1.0] [cxt 0] Transmitting packet of size 199 out of port 0
[02:04:55.783] [bmv2] [D] [thread 12928] [2.0] [cxt 0] Processing packet received on port 1
[02:04:55.783] [bmv2] [D] [thread 12928] [2.0] [cxt 0] Parser 'parser': start
[02:04:55.783] [bmv2] [D] [thread 12928] [2.0] [cxt 0] Parser 'parser' entering state 'start'
[02:04:55.783] [bmv2] [D] [thread 12928] [2.0] [cxt 0] Extracting header 'ethernet'
[02:04:55.783] [bmv2] [D] [thread 12928] [2.0] [cxt 0] Parser state 'start': key is 86dd
[02:04:55.783] [bmv2] [T] [thread 12928] [2.0] [cxt 0] Bytes parsed: 14
[02:04:55.783] [bmv2] [D] [thread 12928] [2.0] [cxt 0] Parser 'parser': end
[02:04:55.783] [bmv2] [D] [thread 12928] [2.0] [cxt 0] Pipeline 'ingress': start
[02:04:55.783] [bmv2] [T] [thread 12928] [2.0] [cxt 0] basic.p4(227) Condition "hdr.ethernet.etherType == TYPE_ARP" (node_2) is false
[02:04:55.783] [bmv2] [T] [thread 12928] [2.0] [cxt 0] basic.p4(231) Condition "hdr.ipv4.isValid() && !hdr.myTunnel.isValid()" (node_4) is false
[02:04:55.783] [bmv2] [T] [thread 12928] [2.0] [cxt 0] basic.p4(236) Condition "hdr.myTunnel.isValid()" (node_6) is false
[02:04:55.783] [bmv2] [D] [thread 12928] [2.0] [cxt 0] Pipeline 'ingress': end
[02:04:55.783] [bmv2] [D] [thread 12928] [2.0] [cxt 0] Egress port is 0
[02:04:55.783] [bmv2] [D] [thread 12929] [2.0] [cxt 0] Pipeline 'egress': start
[02:04:55.783] [bmv2] [D] [thread 12929] [2.0] [cxt 0] Pipeline 'egress': end
[02:04:55.783] [bmv2] [D] [thread 12929] [2.0] [cxt 0] Deparser 'deparser': start
[02:04:55.783] [bmv2] [T] [thread 12929] [2.0] [cxt 0] Skipping checksum 'cksum' update because condition not met
[02:04:55.783] [bmv2] [D] [thread 12929] [2.0] [cxt 0] Deparsing header 'ethernet'
[02:04:55.783] [bmv2] [D] [thread 12929] [2.0] [cxt 0] Deparser 'deparser': end
[02:04:55.783] [bmv2] [D] [thread 12933] [2.0] [cxt 0] Transmitting packet of size 203 out of port 0
[02:04:55.792] [bmv2] [D] [thread 12928] [3.0] [cxt 0] Processing packet received on port 1
[02:04:55.792] [bmv2] [D] [thread 12928] [3.0] [cxt 0] Parser 'parser': start
[02:04:55.792] [bmv2] [D] [thread 12928] [3.0] [cxt 0] Parser 'parser' entering state 'start'
[02:04:55.792] [bmv2] [D] [thread 12928] [3.0] [cxt 0] Extracting header 'ethernet'
[02:04:55.792] [bmv2] [D] [thread 12928] [3.0] [cxt 0] Parser state 'start': key is 86dd
[02:04:55.792] [bmv2] [T] [thread 12928] [3.0] [cxt 0] Bytes parsed: 14
[02:04:55.792] [bmv2] [D] [thread 12928] [3.0] [cxt 0] Parser 'parser': end
[02:04:55.792] [bmv2] [D] [thread 12928] [3.0] [cxt 0] Pipeline 'ingress': start
[02:04:55.792] [bmv2] [T] [thread 12928] [3.0] [cxt 0] basic.p4(227) Condition "hdr.ethernet.etherType == TYPE_ARP" (node_2) is false
[02:04:55.792] [bmv2] [T] [thread 12928] [3.0] [cxt 0] basic.p4(231) Condition "hdr.ipv4.isValid() && !hdr.myTunnel.isValid()" (node_4) is false
[02:04:55.792] [bmv2] [T] [thread 12928] [3.0] [cxt 0] basic.p4(236) Condition "hdr.myTunnel.isValid()" (node_6) is false
[02:04:55.792] [bmv2] [D] [thread 12928] [3.0] [cxt 0] Pipeline 'ingress': end
[02:04:55.792] [bmv2] [D] [thread 12928] [3.0] [cxt 0] Egress port is 0
[02:04:55.792] [bmv2] [D] [thread 12928] [4.0] [cxt 0] Processing packet received on port 2
[02:04:55.792] [bmv2] [D] [thread 12928] [4.0] [cxt 0] Parser 'parser': start
[02:04:55.792] [bmv2] [D] [thread 12928] [4.0] [cxt 0] Parser 'parser' entering state 'start'
[02:04:55.792] [bmv2] [D] [thread 12928] [4.0] [cxt 0] Extracting header 'ethernet'
[02:04:55.792] [bmv2] [D] [thread 12928] [4.0] [cxt 0] Parser state 'start': key is 86dd
[02:04:55.792] [bmv2] [T] [thread 12928] [4.0] [cxt 0] Bytes parsed: 14
[02:04:55.792] [bmv2] [D] [thread 12928] [4.0] [cxt 0] Parser 'parser': end
[02:04:55.792] [bmv2] [D] [thread 12928] [4.0] [cxt 0] Pipeline 'ingress': start
[02:04:55.792] [bmv2] [T] [thread 12928] [4.0] [cxt 0] basic.p4(227) Condition "hdr.ethernet.etherType == TYPE_ARP" (node_2) is false
[02:04:55.792] [bmv2] [T] [thread 12928] [4.0] [cxt 0] basic.p4(231) Condition "hdr.ipv4.isValid() && !hdr.myTunnel.isValid()" (node_4) is false
[02:04:55.792] [bmv2] [T] [thread 12928] [4.0] [cxt 0] basic.p4(236) Condition "hdr.myTunnel.isValid()" (node_6) is false
[02:04:55.792] [bmv2] [D] [thread 12928] [4.0] [cxt 0] Pipeline 'ingress': end
[02:04:55.792] [bmv2] [D] [thread 12928] [4.0] [cxt 0] Egress port is 0
[02:04:55.793] [bmv2] [D] [thread 12929] [3.0] [cxt 0] Pipeline 'egress': start
[02:04:55.793] [bmv2] [D] [thread 12929] [3.0] [cxt 0] Pipeline 'egress': end
[02:04:55.793] [bmv2] [D] [thread 12929] [3.0] [cxt 0] Deparser 'deparser': start
[02:04:55.793] [bmv2] [T] [thread 12929] [3.0] [cxt 0] Skipping checksum 'cksum' update because condition not met
[02:04:55.793] [bmv2] [D] [thread 12929] [3.0] [cxt 0] Deparsing header 'ethernet'
[02:04:55.793] [bmv2] [D] [thread 12929] [3.0] [cxt 0] Deparser 'deparser': end
[02:04:55.793] [bmv2] [D] [thread 12929] [4.0] [cxt 0] Pipeline 'egress': start
[02:04:55.793] [bmv2] [D] [thread 12929] [4.0] [cxt 0] Pipeline 'egress': end
[02:04:55.793] [bmv2] [D] [thread 12929] [4.0] [cxt 0] Deparser 'deparser': start
[02:04:55.793] [bmv2] [T] [thread 12929] [4.0] [cxt 0] Skipping checksum 'cksum' update because condition not met
[02:04:55.793] [bmv2] [D] [thread 12929] [4.0] [cxt 0] Deparsing header 'ethernet'
[02:04:55.793] [bmv2] [D] [thread 12929] [4.0] [cxt 0] Deparser 'deparser': end
[02:04:55.793] [bmv2] [D] [thread 12933] [3.0] [cxt 0] Transmitting packet of size 171 out of port 0
[02:04:55.793] [bmv2] [D] [thread 12933] [4.0] [cxt 0] Transmitting packet of size 199 out of port 0
[02:04:56.110] [bmv2] [D] [thread 12928] [5.0] [cxt 0] Processing packet received on port 2
[02:04:56.110] [bmv2] [D] [thread 12928] [5.0] [cxt 0] Parser 'parser': start
[02:04:56.110] [bmv2] [D] [thread 12928] [5.0] [cxt 0] Parser 'parser' entering state 'start'
[02:04:56.110] [bmv2] [D] [thread 12928] [5.0] [cxt 0] Extracting header 'ethernet'
[02:04:56.110] [bmv2] [D] [thread 12928] [5.0] [cxt 0] Parser state 'start': key is 86dd
[02:04:56.110] [bmv2] [T] [thread 12928] [5.0] [cxt 0] Bytes parsed: 14
[02:04:56.110] [bmv2] [D] [thread 12928] [5.0] [cxt 0] Parser 'parser': end
[02:04:56.110] [bmv2] [D] [thread 12928] [5.0] [cxt 0] Pipeline 'ingress': start
[02:04:56.110] [bmv2] [T] [thread 12928] [5.0] [cxt 0] basic.p4(227) Condition "hdr.ethernet.etherType == TYPE_ARP" (node_2) is false
[02:04:56.110] [bmv2] [T] [thread 12928] [5.0] [cxt 0] basic.p4(231) Condition "hdr.ipv4.isValid() && !hdr.myTunnel.isValid()" (node_4) is false
[02:04:56.110] [bmv2] [T] [thread 12928] [5.0] [cxt 0] basic.p4(236) Condition "hdr.myTunnel.isValid()" (node_6) is false
[02:04:56.110] [bmv2] [D] [thread 12928] [5.0] [cxt 0] Pipeline 'ingress': end
[02:04:56.110] [bmv2] [D] [thread 12928] [5.0] [cxt 0] Egress port is 0
[02:04:56.111] [bmv2] [D] [thread 12929] [5.0] [cxt 0] Pipeline 'egress': start
[02:04:56.111] [bmv2] [D] [thread 12929] [5.0] [cxt 0] Pipeline 'egress': end
[02:04:56.111] [bmv2] [D] [thread 12929] [5.0] [cxt 0] Deparser 'deparser': start
[02:04:56.111] [bmv2] [T] [thread 12929] [5.0] [cxt 0] Skipping checksum 'cksum' update because condition not met
[02:04:56.111] [bmv2] [D] [thread 12929] [5.0] [cxt 0] Deparsing header 'ethernet'
[02:04:56.111] [bmv2] [D] [thread 12929] [5.0] [cxt 0] Deparser 'deparser': end
[02:04:56.111] [bmv2] [D] [thread 12933] [5.0] [cxt 0] Transmitting packet of size 199 out of port 0
[02:04:56.626] [bmv2] [D] [thread 12928] [6.0] [cxt 0] Processing packet received on port 1
[02:04:56.626] [bmv2] [D] [thread 12928] [6.0] [cxt 0] Parser 'parser': start
[02:04:56.626] [bmv2] [D] [thread 12928] [6.0] [cxt 0] Parser 'parser' entering state 'start'
[02:04:56.626] [bmv2] [D] [thread 12928] [6.0] [cxt 0] Extracting header 'ethernet'
[02:04:56.626] [bmv2] [D] [thread 12928] [6.0] [cxt 0] Parser state 'start': key is 86dd
[02:04:56.626] [bmv2] [T] [thread 12928] [6.0] [cxt 0] Bytes parsed: 14
[02:04:56.626] [bmv2] [D] [thread 12928] [6.0] [cxt 0] Parser 'parser': end
[02:04:56.626] [bmv2] [D] [thread 12928] [6.0] [cxt 0] Pipeline 'ingress': start
[02:04:56.626] [bmv2] [T] [thread 12928] [6.0] [cxt 0] basic.p4(227) Condition "hdr.ethernet.etherType == TYPE_ARP" (node_2) is false
[02:04:56.626] [bmv2] [T] [thread 12928] [6.0] [cxt 0] basic.p4(231) Condition "hdr.ipv4.isValid() && !hdr.myTunnel.isValid()" (node_4) is false
[02:04:56.626] [bmv2] [T] [thread 12928] [6.0] [cxt 0] basic.p4(236) Condition "hdr.myTunnel.isValid()" (node_6) is false
[02:04:56.626] [bmv2] [D] [thread 12928] [6.0] [cxt 0] Pipeline 'ingress': end
[02:04:56.626] [bmv2] [D] [thread 12928] [6.0] [cxt 0] Egress port is 0
[02:04:56.626] [bmv2] [D] [thread 12929] [6.0] [cxt 0] Pipeline 'egress': start
[02:04:56.626] [bmv2] [D] [thread 12929] [6.0] [cxt 0] Pipeline 'egress': end
[02:04:56.626] [bmv2] [D] [thread 12929] [6.0] [cxt 0] Deparser 'deparser': start
[02:04:56.626] [bmv2] [T] [thread 12929] [6.0] [cxt 0] Skipping checksum 'cksum' update because condition not met
[02:04:56.626] [bmv2] [D] [thread 12929] [6.0] [cxt 0] Deparsing header 'ethernet'
[02:04:56.626] [bmv2] [D] [thread 12929] [6.0] [cxt 0] Deparser 'deparser': end
[02:04:56.627] [bmv2] [D] [thread 12933] [6.0] [cxt 0] Transmitting packet of size 199 out of port 0
[02:04:56.953] [bmv2] [D] [thread 12928] [7.0] [cxt 0] Processing packet received on port 1
[02:04:56.953] [bmv2] [D] [thread 12928] [7.0] [cxt 0] Parser 'parser': start
[02:04:56.953] [bmv2] [D] [thread 12928] [7.0] [cxt 0] Parser 'parser' entering state 'start'
[02:04:56.953] [bmv2] [D] [thread 12928] [7.0] [cxt 0] Extracting header 'ethernet'
[02:04:56.953] [bmv2] [D] [thread 12928] [7.0] [cxt 0] Parser state 'start': key is 86dd
[02:04:56.953] [bmv2] [T] [thread 12928] [7.0] [cxt 0] Bytes parsed: 14
[02:04:56.953] [bmv2] [D] [thread 12928] [7.0] [cxt 0] Parser 'parser': end
[02:04:56.953] [bmv2] [D] [thread 12928] [7.0] [cxt 0] Pipeline 'ingress': start
[02:04:56.953] [bmv2] [T] [thread 12928] [7.0] [cxt 0] basic.p4(227) Condition "hdr.ethernet.etherType == TYPE_ARP" (node_2) is false
[02:04:56.953] [bmv2] [T] [thread 12928] [7.0] [cxt 0] basic.p4(231) Condition "hdr.ipv4.isValid() && !hdr.myTunnel.isValid()" (node_4) is false
[02:04:56.953] [bmv2] [T] [thread 12928] [7.0] [cxt 0] basic.p4(236) Condition "hdr.myTunnel.isValid()" (node_6) is false
[02:04:56.953] [bmv2] [D] [thread 12928] [7.0] [cxt 0] Pipeline 'ingress': end
[02:04:56.953] [bmv2] [D] [thread 12928] [7.0] [cxt 0] Egress port is 0
[02:04:56.953] [bmv2] [D] [thread 12928] [8.0] [cxt 0] Processing packet received on port 2
[02:04:56.953] [bmv2] [D] [thread 12928] [8.0] [cxt 0] Parser 'parser': start
[02:04:56.953] [bmv2] [D] [thread 12928] [8.0] [cxt 0] Parser 'parser' entering state 'start'
[02:04:56.953] [bmv2] [D] [thread 12928] [8.0] [cxt 0] Extracting header 'ethernet'
[02:04:56.953] [bmv2] [D] [thread 12928] [8.0] [cxt 0] Parser state 'start': key is 86dd
[02:04:56.953] [bmv2] [T] [thread 12928] [8.0] [cxt 0] Bytes parsed: 14
[02:04:56.953] [bmv2] [D] [thread 12928] [8.0] [cxt 0] Parser 'parser': end
[02:04:56.953] [bmv2] [D] [thread 12928] [8.0] [cxt 0] Pipeline 'ingress': start
[02:04:56.953] [bmv2] [T] [thread 12928] [8.0] [cxt 0] basic.p4(227) Condition "hdr.ethernet.etherType == TYPE_ARP" (node_2) is false
[02:04:56.953] [bmv2] [T] [thread 12928] [8.0] [cxt 0] basic.p4(231) Condition "hdr.ipv4.isValid() && !hdr.myTunnel.isValid()" (node_4) is false
[02:04:56.953] [bmv2] [T] [thread 12928] [8.0] [cxt 0] basic.p4(236) Condition "hdr.myTunnel.isValid()" (node_6) is false
[02:04:56.953] [bmv2] [D] [thread 12928] [8.0] [cxt 0] Pipeline 'ingress': end
[02:04:56.953] [bmv2] [D] [thread 12928] [8.0] [cxt 0] Egress port is 0
[02:04:56.953] [bmv2] [D] [thread 12929] [7.0] [cxt 0] Pipeline 'egress': start
[02:04:56.953] [bmv2] [D] [thread 12929] [7.0] [cxt 0] Pipeline 'egress': end
[02:04:56.953] [bmv2] [D] [thread 12929] [7.0] [cxt 0] Deparser 'deparser': start
[02:04:56.953] [bmv2] [T] [thread 12929] [7.0] [cxt 0] Skipping checksum 'cksum' update because condition not met
[02:04:56.953] [bmv2] [D] [thread 12929] [7.0] [cxt 0] Deparsing header 'ethernet'
[02:04:56.953] [bmv2] [D] [thread 12929] [7.0] [cxt 0] Deparser 'deparser': end
[02:04:56.953] [bmv2] [D] [thread 12929] [8.0] [cxt 0] Pipeline 'egress': start
[02:04:56.953] [bmv2] [D] [thread 12929] [8.0] [cxt 0] Pipeline 'egress': end
[02:04:56.953] [bmv2] [D] [thread 12929] [8.0] [cxt 0] Deparser 'deparser': start
[02:04:56.953] [bmv2] [T] [thread 12929] [8.0] [cxt 0] Skipping checksum 'cksum' update because condition not met
[02:04:56.953] [bmv2] [D] [thread 12929] [8.0] [cxt 0] Deparsing header 'ethernet'
[02:04:56.953] [bmv2] [D] [thread 12929] [8.0] [cxt 0] Deparser 'deparser': end
[02:04:56.953] [bmv2] [D] [thread 12933] [7.0] [cxt 0] Transmitting packet of size 203 out of port 0
[02:04:56.953] [bmv2] [D] [thread 12933] [8.0] [cxt 0] Transmitting packet of size 203 out of port 0
[02:04:57.275] [bmv2] [D] [thread 12928] [9.0] [cxt 0] Processing packet received on port 2
[02:04:57.275] [bmv2] [D] [thread 12928] [9.0] [cxt 0] Parser 'parser': start
[02:04:57.275] [bmv2] [D] [thread 12928] [9.0] [cxt 0] Parser 'parser' entering state 'start'
[02:04:57.275] [bmv2] [D] [thread 12928] [9.0] [cxt 0] Extracting header 'ethernet'
[02:04:57.275] [bmv2] [D] [thread 12928] [9.0] [cxt 0] Parser state 'start': key is 86dd
[02:04:57.275] [bmv2] [T] [thread 12928] [9.0] [cxt 0] Bytes parsed: 14
[02:04:57.275] [bmv2] [D] [thread 12928] [9.0] [cxt 0] Parser 'parser': end
[02:04:57.275] [bmv2] [D] [thread 12928] [9.0] [cxt 0] Pipeline 'ingress': start
[02:04:57.275] [bmv2] [T] [thread 12928] [9.0] [cxt 0] basic.p4(227) Condition "hdr.ethernet.etherType == TYPE_ARP" (node_2) is false
[02:04:57.275] [bmv2] [T] [thread 12928] [9.0] [cxt 0] basic.p4(231) Condition "hdr.ipv4.isValid() && !hdr.myTunnel.isValid()" (node_4) is false
[02:04:57.275] [bmv2] [T] [thread 12928] [9.0] [cxt 0] basic.p4(236) Condition "hdr.myTunnel.isValid()" (node_6) is false
[02:04:57.276] [bmv2] [D] [thread 12928] [9.0] [cxt 0] Pipeline 'ingress': end
[02:04:57.276] [bmv2] [D] [thread 12928] [9.0] [cxt 0] Egress port is 0
[02:04:57.276] [bmv2] [D] [thread 12929] [9.0] [cxt 0] Pipeline 'egress': start
[02:04:57.276] [bmv2] [D] [thread 12929] [9.0] [cxt 0] Pipeline 'egress': end
[02:04:57.276] [bmv2] [D] [thread 12929] [9.0] [cxt 0] Deparser 'deparser': start
[02:04:57.276] [bmv2] [T] [thread 12929] [9.0] [cxt 0] Skipping checksum 'cksum' update because condition not met
[02:04:57.276] [bmv2] [D] [thread 12929] [9.0] [cxt 0] Deparsing header 'ethernet'
[02:04:57.276] [bmv2] [D] [thread 12929] [9.0] [cxt 0] Deparser 'deparser': end
[02:04:57.277] [bmv2] [D] [thread 12933] [9.0] [cxt 0] Transmitting packet of size 203 out of port 0
[02:04:57.493] [bmv2] [D] [thread 12928] [10.0] [cxt 0] Processing packet received on port 1
[02:04:57.493] [bmv2] [D] [thread 12928] [10.0] [cxt 0] Parser 'parser': start
[02:04:57.493] [bmv2] [D] [thread 12928] [10.0] [cxt 0] Parser 'parser' entering state 'start'
[02:04:57.493] [bmv2] [D] [thread 12928] [10.0] [cxt 0] Extracting header 'ethernet'
[02:04:57.493] [bmv2] [D] [thread 12928] [10.0] [cxt 0] Parser state 'start': key is 86dd
[02:04:57.493] [bmv2] [T] [thread 12928] [10.0] [cxt 0] Bytes parsed: 14
[02:04:57.493] [bmv2] [D] [thread 12928] [10.0] [cxt 0] Parser 'parser': end
[02:04:57.493] [bmv2] [D] [thread 12928] [10.0] [cxt 0] Pipeline 'ingress': start
[02:04:57.493] [bmv2] [T] [thread 12928] [10.0] [cxt 0] basic.p4(227) Condition "hdr.ethernet.etherType == TYPE_ARP" (node_2) is false
[02:04:57.493] [bmv2] [T] [thread 12928] [10.0] [cxt 0] basic.p4(231) Condition "hdr.ipv4.isValid() && !hdr.myTunnel.isValid()" (node_4) is false
[02:04:57.493] [bmv2] [T] [thread 12928] [10.0] [cxt 0] basic.p4(236) Condition "hdr.myTunnel.isValid()" (node_6) is false
[02:04:57.493] [bmv2] [D] [thread 12928] [10.0] [cxt 0] Pipeline 'ingress': end
[02:04:57.493] [bmv2] [D] [thread 12928] [10.0] [cxt 0] Egress port is 0
[02:04:57.493] [bmv2] [D] [thread 12929] [10.0] [cxt 0] Pipeline 'egress': start
[02:04:57.493] [bmv2] [D] [thread 12929] [10.0] [cxt 0] Pipeline 'egress': end
[02:04:57.493] [bmv2] [D] [thread 12929] [10.0] [cxt 0] Deparser 'deparser': start
[02:04:57.493] [bmv2] [T] [thread 12929] [10.0] [cxt 0] Skipping checksum 'cksum' update because condition not met
[02:04:57.493] [bmv2] [D] [thread 12929] [10.0] [cxt 0] Deparsing header 'ethernet'
[02:04:57.493] [bmv2] [D] [thread 12929] [10.0] [cxt 0] Deparser 'deparser': end
[02:04:57.494] [bmv2] [D] [thread 12933] [10.0] [cxt 0] Transmitting packet of size 70 out of port 0
[02:04:57.785] [bmv2] [D] [thread 12928] [11.0] [cxt 0] Processing packet received on port 1
[02:04:57.785] [bmv2] [D] [thread 12928] [11.0] [cxt 0] Parser 'parser': start
[02:04:57.785] [bmv2] [D] [thread 12928] [11.0] [cxt 0] Parser 'parser' entering state 'start'
[02:04:57.785] [bmv2] [D] [thread 12928] [11.0] [cxt 0] Extracting header 'ethernet'
[02:04:57.786] [bmv2] [D] [thread 12928] [11.0] [cxt 0] Parser state 'start': key is 86dd
[02:04:57.786] [bmv2] [T] [thread 12928] [11.0] [cxt 0] Bytes parsed: 14
[02:04:57.786] [bmv2] [D] [thread 12928] [11.0] [cxt 0] Parser 'parser': end
[02:04:57.786] [bmv2] [D] [thread 12928] [11.0] [cxt 0] Pipeline 'ingress': start
[02:04:57.786] [bmv2] [T] [thread 12928] [11.0] [cxt 0] basic.p4(227) Condition "hdr.ethernet.etherType == TYPE_ARP" (node_2) is false
[02:04:57.786] [bmv2] [T] [thread 12928] [11.0] [cxt 0] basic.p4(231) Condition "hdr.ipv4.isValid() && !hdr.myTunnel.isValid()" (node_4) is false
[02:04:57.786] [bmv2] [T] [thread 12928] [11.0] [cxt 0] basic.p4(236) Condition "hdr.myTunnel.isValid()" (node_6) is false
[02:04:57.786] [bmv2] [D] [thread 12928] [11.0] [cxt 0] Pipeline 'ingress': end
[02:04:57.786] [bmv2] [D] [thread 12928] [11.0] [cxt 0] Egress port is 0
[02:04:57.786] [bmv2] [D] [thread 12929] [11.0] [cxt 0] Pipeline 'egress': start
[02:04:57.786] [bmv2] [D] [thread 12929] [11.0] [cxt 0] Pipeline 'egress': end
[02:04:57.786] [bmv2] [D] [thread 12929] [11.0] [cxt 0] Deparser 'deparser': start
[02:04:57.786] [bmv2] [T] [thread 12929] [11.0] [cxt 0] Skipping checksum 'cksum' update because condition not met
[02:04:57.786] [bmv2] [D] [thread 12929] [11.0] [cxt 0] Deparsing header 'ethernet'
[02:04:57.786] [bmv2] [D] [thread 12929] [11.0] [cxt 0] Deparser 'deparser': end
[02:04:57.786] [bmv2] [D] [thread 12933] [11.0] [cxt 0] Transmitting packet of size 203 out of port 0
[02:04:57.886] [bmv2] [D] [thread 12928] [12.0] [cxt 0] Processing packet received on port 1
[02:04:57.886] [bmv2] [D] [thread 12928] [12.0] [cxt 0] Parser 'parser': start
[02:04:57.886] [bmv2] [D] [thread 12928] [12.0] [cxt 0] Parser 'parser' entering state 'start'
[02:04:57.886] [bmv2] [D] [thread 12928] [12.0] [cxt 0] Extracting header 'ethernet'
[02:04:57.886] [bmv2] [D] [thread 12928] [12.0] [cxt 0] Parser state 'start': key is 86dd
[02:04:57.886] [bmv2] [T] [thread 12928] [12.0] [cxt 0] Bytes parsed: 14
[02:04:57.886] [bmv2] [D] [thread 12928] [12.0] [cxt 0] Parser 'parser': end
[02:04:57.886] [bmv2] [D] [thread 12928] [12.0] [cxt 0] Pipeline 'ingress': start
[02:04:57.886] [bmv2] [T] [thread 12928] [12.0] [cxt 0] basic.p4(227) Condition "hdr.ethernet.etherType == TYPE_ARP" (node_2) is false
[02:04:57.886] [bmv2] [T] [thread 12928] [12.0] [cxt 0] basic.p4(231) Condition "hdr.ipv4.isValid() && !hdr.myTunnel.isValid()" (node_4) is false
[02:04:57.886] [bmv2] [T] [thread 12928] [12.0] [cxt 0] basic.p4(236) Condition "hdr.myTunnel.isValid()" (node_6) is false
[02:04:57.886] [bmv2] [D] [thread 12928] [12.0] [cxt 0] Pipeline 'ingress': end
[02:04:57.886] [bmv2] [D] [thread 12928] [12.0] [cxt 0] Egress port is 0
[02:04:57.886] [bmv2] [D] [thread 12928] [13.0] [cxt 0] Processing packet received on port 2
[02:04:57.886] [bmv2] [D] [thread 12928] [13.0] [cxt 0] Parser 'parser': start
[02:04:57.886] [bmv2] [D] [thread 12928] [13.0] [cxt 0] Parser 'parser' entering state 'start'
[02:04:57.886] [bmv2] [D] [thread 12928] [13.0] [cxt 0] Extracting header 'ethernet'
[02:04:57.886] [bmv2] [D] [thread 12928] [13.0] [cxt 0] Parser state 'start': key is 86dd
[02:04:57.886] [bmv2] [T] [thread 12928] [13.0] [cxt 0] Bytes parsed: 14
[02:04:57.886] [bmv2] [D] [thread 12928] [13.0] [cxt 0] Parser 'parser': end
[02:04:57.886] [bmv2] [D] [thread 12928] [13.0] [cxt 0] Pipeline 'ingress': start
[02:04:57.886] [bmv2] [T] [thread 12928] [13.0] [cxt 0] basic.p4(227) Condition "hdr.ethernet.etherType == TYPE_ARP" (node_2) is false
[02:04:57.886] [bmv2] [T] [thread 12928] [13.0] [cxt 0] basic.p4(231) Condition "hdr.ipv4.isValid() && !hdr.myTunnel.isValid()" (node_4) is false
[02:04:57.886] [bmv2] [T] [thread 12928] [13.0] [cxt 0] basic.p4(236) Condition "hdr.myTunnel.isValid()" (node_6) is false
[02:04:57.886] [bmv2] [D] [thread 12928] [13.0] [cxt 0] Pipeline 'ingress': end
[02:04:57.886] [bmv2] [D] [thread 12928] [13.0] [cxt 0] Egress port is 0
[02:04:57.886] [bmv2] [D] [thread 12929] [12.0] [cxt 0] Pipeline 'egress': start
[02:04:57.886] [bmv2] [D] [thread 12929] [12.0] [cxt 0] Pipeline 'egress': end
[02:04:57.886] [bmv2] [D] [thread 12929] [12.0] [cxt 0] Deparser 'deparser': start
[02:04:57.886] [bmv2] [T] [thread 12929] [12.0] [cxt 0] Skipping checksum 'cksum' update because condition not met
[02:04:57.886] [bmv2] [D] [thread 12929] [12.0] [cxt 0] Deparsing header 'ethernet'
[02:04:57.886] [bmv2] [D] [thread 12929] [12.0] [cxt 0] Deparser 'deparser': end
[02:04:57.886] [bmv2] [D] [thread 12929] [13.0] [cxt 0] Pipeline 'egress': start
[02:04:57.886] [bmv2] [D] [thread 12929] [13.0] [cxt 0] Pipeline 'egress': end
[02:04:57.886] [bmv2] [D] [thread 12929] [13.0] [cxt 0] Deparser 'deparser': start
[02:04:57.886] [bmv2] [T] [thread 12929] [13.0] [cxt 0] Skipping checksum 'cksum' update because condition not met
[02:04:57.886] [bmv2] [D] [thread 12929] [13.0] [cxt 0] Deparsing header 'ethernet'
[02:04:57.886] [bmv2] [D] [thread 12929] [13.0] [cxt 0] Deparser 'deparser': end
[02:04:57.887] [bmv2] [D] [thread 12933] [12.0] [cxt 0] Transmitting packet of size 199 out of port 0
[02:04:57.887] [bmv2] [D] [thread 12933] [13.0] [cxt 0] Transmitting packet of size 199 out of port 0
[02:04:58.133] [bmv2] [D] [thread 12928] [14.0] [cxt 0] Processing packet received on port 2
[02:04:58.133] [bmv2] [D] [thread 12928] [14.0] [cxt 0] Parser 'parser': start
[02:04:58.133] [bmv2] [D] [thread 12928] [14.0] [cxt 0] Parser 'parser' entering state 'start'
[02:04:58.133] [bmv2] [D] [thread 12928] [14.0] [cxt 0] Extracting header 'ethernet'
[02:04:58.133] [bmv2] [D] [thread 12928] [14.0] [cxt 0] Parser state 'start': key is 86dd
[02:04:58.133] [bmv2] [T] [thread 12928] [14.0] [cxt 0] Bytes parsed: 14
[02:04:58.133] [bmv2] [D] [thread 12928] [14.0] [cxt 0] Parser 'parser': end
[02:04:58.133] [bmv2] [D] [thread 12928] [14.0] [cxt 0] Pipeline 'ingress': start
[02:04:58.133] [bmv2] [T] [thread 12928] [14.0] [cxt 0] basic.p4(227) Condition "hdr.ethernet.etherType == TYPE_ARP" (node_2) is false
[02:04:58.133] [bmv2] [T] [thread 12928] [14.0] [cxt 0] basic.p4(231) Condition "hdr.ipv4.isValid() && !hdr.myTunnel.isValid()" (node_4) is false
[02:04:58.133] [bmv2] [T] [thread 12928] [14.0] [cxt 0] basic.p4(236) Condition "hdr.myTunnel.isValid()" (node_6) is false
[02:04:58.133] [bmv2] [D] [thread 12928] [14.0] [cxt 0] Pipeline 'ingress': end
[02:04:58.133] [bmv2] [D] [thread 12928] [14.0] [cxt 0] Egress port is 0
[02:04:58.133] [bmv2] [D] [thread 12928] [15.0] [cxt 0] Processing packet received on port 2
[02:04:58.133] [bmv2] [D] [thread 12928] [15.0] [cxt 0] Parser 'parser': start
[02:04:58.133] [bmv2] [D] [thread 12928] [15.0] [cxt 0] Parser 'parser' entering state 'start'
[02:04:58.133] [bmv2] [D] [thread 12928] [15.0] [cxt 0] Extracting header 'ethernet'
[02:04:58.133] [bmv2] [D] [thread 12928] [15.0] [cxt 0] Parser state 'start': key is 86dd
[02:04:58.133] [bmv2] [T] [thread 12928] [15.0] [cxt 0] Bytes parsed: 14
[02:04:58.133] [bmv2] [D] [thread 12928] [15.0] [cxt 0] Parser 'parser': end
[02:04:58.133] [bmv2] [D] [thread 12928] [15.0] [cxt 0] Pipeline 'ingress': start
[02:04:58.133] [bmv2] [T] [thread 12928] [15.0] [cxt 0] basic.p4(227) Condition "hdr.ethernet.etherType == TYPE_ARP" (node_2) is false
[02:04:58.133] [bmv2] [T] [thread 12928] [15.0] [cxt 0] basic.p4(231) Condition "hdr.ipv4.isValid() && !hdr.myTunnel.isValid()" (node_4) is false
[02:04:58.133] [bmv2] [T] [thread 12928] [15.0] [cxt 0] basic.p4(236) Condition "hdr.myTunnel.isValid()" (node_6) is false
[02:04:58.133] [bmv2] [D] [thread 12928] [15.0] [cxt 0] Pipeline 'ingress': end
[02:04:58.133] [bmv2] [D] [thread 12928] [15.0] [cxt 0] Egress port is 0
[02:04:58.133] [bmv2] [D] [thread 12929] [14.0] [cxt 0] Pipeline 'egress': start
[02:04:58.134] [bmv2] [D] [thread 12929] [14.0] [cxt 0] Pipeline 'egress': end
[02:04:58.134] [bmv2] [D] [thread 12929] [14.0] [cxt 0] Deparser 'deparser': start
[02:04:58.134] [bmv2] [T] [thread 12929] [14.0] [cxt 0] Skipping checksum 'cksum' update because condition not met
[02:04:58.134] [bmv2] [D] [thread 12929] [14.0] [cxt 0] Deparsing header 'ethernet'
[02:04:58.134] [bmv2] [D] [thread 12929] [14.0] [cxt 0] Deparser 'deparser': end
[02:04:58.134] [bmv2] [D] [thread 12929] [15.0] [cxt 0] Pipeline 'egress': start
[02:04:58.134] [bmv2] [D] [thread 12929] [15.0] [cxt 0] Pipeline 'egress': end
[02:04:58.134] [bmv2] [D] [thread 12929] [15.0] [cxt 0] Deparser 'deparser': start
[02:04:58.134] [bmv2] [T] [thread 12929] [15.0] [cxt 0] Skipping checksum 'cksum' update because condition not met
[02:04:58.134] [bmv2] [D] [thread 12929] [15.0] [cxt 0] Deparsing header 'ethernet'
[02:04:58.134] [bmv2] [D] [thread 12929] [15.0] [cxt 0] Deparser 'deparser': end
[02:04:58.134] [bmv2] [D] [thread 12933] [14.0] [cxt 0] Transmitting packet of size 70 out of port 0
[02:04:58.134] [bmv2] [D] [thread 12933] [15.0] [cxt 0] Transmitting packet of size 70 out of port 0
[02:04:58.205] [bmv2] [D] [thread 12928] [16.0] [cxt 0] Processing packet received on port 2
[02:04:58.205] [bmv2] [D] [thread 12928] [16.0] [cxt 0] Parser 'parser': start
[02:04:58.205] [bmv2] [D] [thread 12928] [16.0] [cxt 0] Parser 'parser' entering state 'start'
[02:04:58.205] [bmv2] [D] [thread 12928] [16.0] [cxt 0] Extracting header 'ethernet'
[02:04:58.205] [bmv2] [D] [thread 12928] [16.0] [cxt 0] Parser state 'start': key is 86dd
[02:04:58.205] [bmv2] [T] [thread 12928] [16.0] [cxt 0] Bytes parsed: 14
[02:04:58.205] [bmv2] [D] [thread 12928] [16.0] [cxt 0] Parser 'parser': end
[02:04:58.205] [bmv2] [D] [thread 12928] [16.0] [cxt 0] Pipeline 'ingress': start
[02:04:58.205] [bmv2] [T] [thread 12928] [16.0] [cxt 0] basic.p4(227) Condition "hdr.ethernet.etherType == TYPE_ARP" (node_2) is false
[02:04:58.205] [bmv2] [T] [thread 12928] [16.0] [cxt 0] basic.p4(231) Condition "hdr.ipv4.isValid() && !hdr.myTunnel.isValid()" (node_4) is false
[02:04:58.205] [bmv2] [T] [thread 12928] [16.0] [cxt 0] basic.p4(236) Condition "hdr.myTunnel.isValid()" (node_6) is false
[02:04:58.205] [bmv2] [D] [thread 12928] [16.0] [cxt 0] Pipeline 'ingress': end
[02:04:58.205] [bmv2] [D] [thread 12928] [16.0] [cxt 0] Egress port is 0
[02:04:58.205] [bmv2] [D] [thread 12929] [16.0] [cxt 0] Pipeline 'egress': start
[02:04:58.205] [bmv2] [D] [thread 12929] [16.0] [cxt 0] Pipeline 'egress': end
[02:04:58.205] [bmv2] [D] [thread 12929] [16.0] [cxt 0] Deparser 'deparser': start
[02:04:58.205] [bmv2] [T] [thread 12929] [16.0] [cxt 0] Skipping checksum 'cksum' update because condition not met
[02:04:58.205] [bmv2] [D] [thread 12929] [16.0] [cxt 0] Deparsing header 'ethernet'
[02:04:58.205] [bmv2] [D] [thread 12929] [16.0] [cxt 0] Deparser 'deparser': end
[02:04:58.205] [bmv2] [D] [thread 12933] [16.0] [cxt 0] Transmitting packet of size 199 out of port 0
[02:04:58.720] [bmv2] [D] [thread 12928] [17.0] [cxt 0] Processing packet received on port 1
[02:04:58.720] [bmv2] [D] [thread 12928] [17.0] [cxt 0] Parser 'parser': start
[02:04:58.720] [bmv2] [D] [thread 12928] [17.0] [cxt 0] Parser 'parser' entering state 'start'
[02:04:58.720] [bmv2] [D] [thread 12928] [17.0] [cxt 0] Extracting header 'ethernet'
[02:04:58.720] [bmv2] [D] [thread 12928] [17.0] [cxt 0] Parser state 'start': key is 86dd
[02:04:58.720] [bmv2] [T] [thread 12928] [17.0] [cxt 0] Bytes parsed: 14
[02:04:58.720] [bmv2] [D] [thread 12928] [17.0] [cxt 0] Parser 'parser': end
[02:04:58.720] [bmv2] [D] [thread 12928] [17.0] [cxt 0] Pipeline 'ingress': start
[02:04:58.720] [bmv2] [T] [thread 12928] [17.0] [cxt 0] basic.p4(227) Condition "hdr.ethernet.etherType == TYPE_ARP" (node_2) is false
[02:04:58.720] [bmv2] [T] [thread 12928] [17.0] [cxt 0] basic.p4(231) Condition "hdr.ipv4.isValid() && !hdr.myTunnel.isValid()" (node_4) is false
[02:04:58.720] [bmv2] [T] [thread 12928] [17.0] [cxt 0] basic.p4(236) Condition "hdr.myTunnel.isValid()" (node_6) is false
[02:04:58.720] [bmv2] [D] [thread 12928] [17.0] [cxt 0] Pipeline 'ingress': end
[02:04:58.720] [bmv2] [D] [thread 12928] [17.0] [cxt 0] Egress port is 0
[02:04:58.720] [bmv2] [D] [thread 12929] [17.0] [cxt 0] Pipeline 'egress': start
[02:04:58.720] [bmv2] [D] [thread 12929] [17.0] [cxt 0] Pipeline 'egress': end
[02:04:58.720] [bmv2] [D] [thread 12929] [17.0] [cxt 0] Deparser 'deparser': start
[02:04:58.720] [bmv2] [T] [thread 12929] [17.0] [cxt 0] Skipping checksum 'cksum' update because condition not met
[02:04:58.720] [bmv2] [D] [thread 12929] [17.0] [cxt 0] Deparsing header 'ethernet'
[02:04:58.720] [bmv2] [D] [thread 12929] [17.0] [cxt 0] Deparser 'deparser': end
[02:04:58.720] [bmv2] [D] [thread 12933] [17.0] [cxt 0] Transmitting packet of size 199 out of port 0
[02:04:59.155] [bmv2] [D] [thread 12928] [18.0] [cxt 0] Processing packet received on port 1
[02:04:59.155] [bmv2] [D] [thread 12928] [18.0] [cxt 0] Parser 'parser': start
[02:04:59.155] [bmv2] [D] [thread 12928] [18.0] [cxt 0] Parser 'parser' entering state 'start'
[02:04:59.155] [bmv2] [D] [thread 12928] [18.0] [cxt 0] Extracting header 'ethernet'
[02:04:59.155] [bmv2] [D] [thread 12928] [18.0] [cxt 0] Parser state 'start': key is 86dd
[02:04:59.155] [bmv2] [T] [thread 12928] [18.0] [cxt 0] Bytes parsed: 14
[02:04:59.155] [bmv2] [D] [thread 12928] [18.0] [cxt 0] Parser 'parser': end
[02:04:59.155] [bmv2] [D] [thread 12928] [18.0] [cxt 0] Pipeline 'ingress': start
[02:04:59.155] [bmv2] [T] [thread 12928] [18.0] [cxt 0] basic.p4(227) Condition "hdr.ethernet.etherType == TYPE_ARP" (node_2) is false
[02:04:59.155] [bmv2] [T] [thread 12928] [18.0] [cxt 0] basic.p4(231) Condition "hdr.ipv4.isValid() && !hdr.myTunnel.isValid()" (node_4) is false
[02:04:59.155] [bmv2] [T] [thread 12928] [18.0] [cxt 0] basic.p4(236) Condition "hdr.myTunnel.isValid()" (node_6) is false
[02:04:59.155] [bmv2] [D] [thread 12928] [18.0] [cxt 0] Pipeline 'ingress': end
[02:04:59.156] [bmv2] [D] [thread 12928] [18.0] [cxt 0] Egress port is 0
[02:04:59.156] [bmv2] [D] [thread 12929] [18.0] [cxt 0] Pipeline 'egress': start
[02:04:59.156] [bmv2] [D] [thread 12929] [18.0] [cxt 0] Pipeline 'egress': end
[02:04:59.156] [bmv2] [D] [thread 12929] [18.0] [cxt 0] Deparser 'deparser': start
[02:04:59.156] [bmv2] [T] [thread 12929] [18.0] [cxt 0] Skipping checksum 'cksum' update because condition not met
[02:04:59.156] [bmv2] [D] [thread 12929] [18.0] [cxt 0] Deparsing header 'ethernet'
[02:04:59.156] [bmv2] [D] [thread 12929] [18.0] [cxt 0] Deparser 'deparser': end
[02:04:59.156] [bmv2] [D] [thread 12933] [18.0] [cxt 0] Transmitting packet of size 70 out of port 0
[02:05:00.957] [bmv2] [D] [thread 12928] [19.0] [cxt 0] Processing packet received on port 2
[02:05:00.957] [bmv2] [D] [thread 12928] [19.0] [cxt 0] Parser 'parser': start
[02:05:00.957] [bmv2] [D] [thread 12928] [19.0] [cxt 0] Parser 'parser' entering state 'start'
[02:05:00.957] [bmv2] [D] [thread 12928] [19.0] [cxt 0] Extracting header 'ethernet'
[02:05:00.957] [bmv2] [D] [thread 12928] [19.0] [cxt 0] Parser state 'start': key is 86dd
[02:05:00.957] [bmv2] [T] [thread 12928] [19.0] [cxt 0] Bytes parsed: 14
[02:05:00.957] [bmv2] [D] [thread 12928] [19.0] [cxt 0] Parser 'parser': end
[02:05:00.957] [bmv2] [D] [thread 12928] [19.0] [cxt 0] Pipeline 'ingress': start
[02:05:00.957] [bmv2] [T] [thread 12928] [19.0] [cxt 0] basic.p4(227) Condition "hdr.ethernet.etherType == TYPE_ARP" (node_2) is false
[02:05:00.957] [bmv2] [T] [thread 12928] [19.0] [cxt 0] basic.p4(231) Condition "hdr.ipv4.isValid() && !hdr.myTunnel.isValid()" (node_4) is false
[02:05:00.957] [bmv2] [T] [thread 12928] [19.0] [cxt 0] basic.p4(236) Condition "hdr.myTunnel.isValid()" (node_6) is false
[02:05:00.957] [bmv2] [D] [thread 12928] [19.0] [cxt 0] Pipeline 'ingress': end
[02:05:00.957] [bmv2] [D] [thread 12928] [19.0] [cxt 0] Egress port is 0
[02:05:00.957] [bmv2] [D] [thread 12928] [20.0] [cxt 0] Processing packet received on port 1
[02:05:00.957] [bmv2] [D] [thread 12928] [20.0] [cxt 0] Parser 'parser': start
[02:05:00.957] [bmv2] [D] [thread 12928] [20.0] [cxt 0] Parser 'parser' entering state 'start'
[02:05:00.957] [bmv2] [D] [thread 12928] [20.0] [cxt 0] Extracting header 'ethernet'
[02:05:00.957] [bmv2] [D] [thread 12928] [20.0] [cxt 0] Parser state 'start': key is 86dd
[02:05:00.957] [bmv2] [T] [thread 12928] [20.0] [cxt 0] Bytes parsed: 14
[02:05:00.957] [bmv2] [D] [thread 12928] [20.0] [cxt 0] Parser 'parser': end
[02:05:00.957] [bmv2] [D] [thread 12928] [20.0] [cxt 0] Pipeline 'ingress': start
[02:05:00.957] [bmv2] [T] [thread 12928] [20.0] [cxt 0] basic.p4(227) Condition "hdr.ethernet.etherType == TYPE_ARP" (node_2) is false
[02:05:00.957] [bmv2] [T] [thread 12928] [20.0] [cxt 0] basic.p4(231) Condition "hdr.ipv4.isValid() && !hdr.myTunnel.isValid()" (node_4) is false
[02:05:00.957] [bmv2] [T] [thread 12928] [20.0] [cxt 0] basic.p4(236) Condition "hdr.myTunnel.isValid()" (node_6) is false
[02:05:00.957] [bmv2] [D] [thread 12928] [20.0] [cxt 0] Pipeline 'ingress': end
[02:05:00.957] [bmv2] [D] [thread 12928] [20.0] [cxt 0] Egress port is 0
[02:05:00.957] [bmv2] [D] [thread 12929] [19.0] [cxt 0] Pipeline 'egress': start
[02:05:00.957] [bmv2] [D] [thread 12929] [19.0] [cxt 0] Pipeline 'egress': end
[02:05:00.957] [bmv2] [D] [thread 12929] [19.0] [cxt 0] Deparser 'deparser': start
[02:05:00.957] [bmv2] [T] [thread 12929] [19.0] [cxt 0] Skipping checksum 'cksum' update because condition not met
[02:05:00.957] [bmv2] [D] [thread 12929] [19.0] [cxt 0] Deparsing header 'ethernet'
[02:05:00.957] [bmv2] [D] [thread 12929] [19.0] [cxt 0] Deparser 'deparser': end
[02:05:00.957] [bmv2] [D] [thread 12929] [20.0] [cxt 0] Pipeline 'egress': start
[02:05:00.957] [bmv2] [D] [thread 12929] [20.0] [cxt 0] Pipeline 'egress': end
[02:05:00.957] [bmv2] [D] [thread 12929] [20.0] [cxt 0] Deparser 'deparser': start
[02:05:00.957] [bmv2] [T] [thread 12929] [20.0] [cxt 0] Skipping checksum 'cksum' update because condition not met
[02:05:00.957] [bmv2] [D] [thread 12929] [20.0] [cxt 0] Deparsing header 'ethernet'
[02:05:00.957] [bmv2] [D] [thread 12929] [20.0] [cxt 0] Deparser 'deparser': end
[02:05:00.957] [bmv2] [D] [thread 12933] [19.0] [cxt 0] Transmitting packet of size 203 out of port 0
[02:05:00.957] [bmv2] [D] [thread 12933] [20.0] [cxt 0] Transmitting packet of size 203 out of port 0
[02:05:01.276] [bmv2] [D] [thread 12928] [21.0] [cxt 0] Processing packet received on port 2
[02:05:01.276] [bmv2] [D] [thread 12928] [21.0] [cxt 0] Parser 'parser': start
[02:05:01.276] [bmv2] [D] [thread 12928] [21.0] [cxt 0] Parser 'parser' entering state 'start'
[02:05:01.276] [bmv2] [D] [thread 12928] [21.0] [cxt 0] Extracting header 'ethernet'
[02:05:01.276] [bmv2] [D] [thread 12928] [21.0] [cxt 0] Parser state 'start': key is 86dd
[02:05:01.276] [bmv2] [T] [thread 12928] [21.0] [cxt 0] Bytes parsed: 14
[02:05:01.276] [bmv2] [D] [thread 12928] [21.0] [cxt 0] Parser 'parser': end
[02:05:01.276] [bmv2] [D] [thread 12928] [21.0] [cxt 0] Pipeline 'ingress': start
[02:05:01.276] [bmv2] [T] [thread 12928] [21.0] [cxt 0] basic.p4(227) Condition "hdr.ethernet.etherType == TYPE_ARP" (node_2) is false
[02:05:01.277] [bmv2] [T] [thread 12928] [21.0] [cxt 0] basic.p4(231) Condition "hdr.ipv4.isValid() && !hdr.myTunnel.isValid()" (node_4) is false
[02:05:01.277] [bmv2] [T] [thread 12928] [21.0] [cxt 0] basic.p4(236) Condition "hdr.myTunnel.isValid()" (node_6) is false
[02:05:01.277] [bmv2] [D] [thread 12928] [21.0] [cxt 0] Pipeline 'ingress': end
[02:05:01.277] [bmv2] [D] [thread 12928] [21.0] [cxt 0] Egress port is 0
[02:05:01.277] [bmv2] [D] [thread 12929] [21.0] [cxt 0] Pipeline 'egress': start
[02:05:01.277] [bmv2] [D] [thread 12929] [21.0] [cxt 0] Pipeline 'egress': end
[02:05:01.277] [bmv2] [D] [thread 12929] [21.0] [cxt 0] Deparser 'deparser': start
[02:05:01.277] [bmv2] [T] [thread 12929] [21.0] [cxt 0] Skipping checksum 'cksum' update because condition not met
[02:05:01.277] [bmv2] [D] [thread 12929] [21.0] [cxt 0] Deparsing header 'ethernet'
[02:05:01.277] [bmv2] [D] [thread 12929] [21.0] [cxt 0] Deparser 'deparser': end
[02:05:01.277] [bmv2] [D] [thread 12933] [21.0] [cxt 0] Transmitting packet of size 203 out of port 0
[02:05:01.787] [bmv2] [D] [thread 12928] [22.0] [cxt 0] Processing packet received on port 1
[02:05:01.787] [bmv2] [D] [thread 12928] [22.0] [cxt 0] Parser 'parser': start
[02:05:01.787] [bmv2] [D] [thread 12928] [22.0] [cxt 0] Parser 'parser' entering state 'start'
[02:05:01.787] [bmv2] [D] [thread 12928] [22.0] [cxt 0] Extracting header 'ethernet'
[02:05:01.787] [bmv2] [D] [thread 12928] [22.0] [cxt 0] Parser state 'start': key is 86dd
[02:05:01.787] [bmv2] [T] [thread 12928] [22.0] [cxt 0] Bytes parsed: 14
[02:05:01.787] [bmv2] [D] [thread 12928] [22.0] [cxt 0] Parser 'parser': end
[02:05:01.787] [bmv2] [D] [thread 12928] [22.0] [cxt 0] Pipeline 'ingress': start
[02:05:01.787] [bmv2] [T] [thread 12928] [22.0] [cxt 0] basic.p4(227) Condition "hdr.ethernet.etherType == TYPE_ARP" (node_2) is false
[02:05:01.787] [bmv2] [T] [thread 12928] [22.0] [cxt 0] basic.p4(231) Condition "hdr.ipv4.isValid() && !hdr.myTunnel.isValid()" (node_4) is false
[02:05:01.787] [bmv2] [T] [thread 12928] [22.0] [cxt 0] basic.p4(236) Condition "hdr.myTunnel.isValid()" (node_6) is false
[02:05:01.787] [bmv2] [D] [thread 12928] [22.0] [cxt 0] Pipeline 'ingress': end
[02:05:01.787] [bmv2] [D] [thread 12928] [22.0] [cxt 0] Egress port is 0
[02:05:01.787] [bmv2] [D] [thread 12929] [22.0] [cxt 0] Pipeline 'egress': start
[02:05:01.787] [bmv2] [D] [thread 12929] [22.0] [cxt 0] Pipeline 'egress': end
[02:05:01.787] [bmv2] [D] [thread 12929] [22.0] [cxt 0] Deparser 'deparser': start
[02:05:01.787] [bmv2] [T] [thread 12929] [22.0] [cxt 0] Skipping checksum 'cksum' update because condition not met
[02:05:01.787] [bmv2] [D] [thread 12929] [22.0] [cxt 0] Deparsing header 'ethernet'
[02:05:01.787] [bmv2] [D] [thread 12929] [22.0] [cxt 0] Deparser 'deparser': end
[02:05:01.787] [bmv2] [D] [thread 12933] [22.0] [cxt 0] Transmitting packet of size 203 out of port 0
[02:05:04.790] [bmv2] [D] [thread 12928] [23.0] [cxt 0] Processing packet received on port 1
[02:05:04.790] [bmv2] [D] [thread 12928] [23.0] [cxt 0] Parser 'parser': start
[02:05:04.790] [bmv2] [D] [thread 12928] [23.0] [cxt 0] Parser 'parser' entering state 'start'
[02:05:04.790] [bmv2] [D] [thread 12928] [23.0] [cxt 0] Extracting header 'ethernet'
[02:05:04.790] [bmv2] [D] [thread 12928] [23.0] [cxt 0] Parser state 'start': key is 86dd
[02:05:04.790] [bmv2] [T] [thread 12928] [23.0] [cxt 0] Bytes parsed: 14
[02:05:04.790] [bmv2] [D] [thread 12928] [23.0] [cxt 0] Parser 'parser': end
[02:05:04.790] [bmv2] [D] [thread 12928] [23.0] [cxt 0] Pipeline 'ingress': start
[02:05:04.790] [bmv2] [T] [thread 12928] [23.0] [cxt 0] basic.p4(227) Condition "hdr.ethernet.etherType == TYPE_ARP" (node_2) is false
[02:05:04.790] [bmv2] [T] [thread 12928] [23.0] [cxt 0] basic.p4(231) Condition "hdr.ipv4.isValid() && !hdr.myTunnel.isValid()" (node_4) is false
[02:05:04.790] [bmv2] [T] [thread 12928] [23.0] [cxt 0] basic.p4(236) Condition "hdr.myTunnel.isValid()" (node_6) is false
[02:05:04.790] [bmv2] [D] [thread 12928] [23.0] [cxt 0] Pipeline 'ingress': end
[02:05:04.790] [bmv2] [D] [thread 12928] [23.0] [cxt 0] Egress port is 0
[02:05:04.790] [bmv2] [D] [thread 12929] [23.0] [cxt 0] Pipeline 'egress': start
[02:05:04.790] [bmv2] [D] [thread 12929] [23.0] [cxt 0] Pipeline 'egress': end
[02:05:04.790] [bmv2] [D] [thread 12929] [23.0] [cxt 0] Deparser 'deparser': start
[02:05:04.790] [bmv2] [T] [thread 12929] [23.0] [cxt 0] Skipping checksum 'cksum' update because condition not met
[02:05:04.790] [bmv2] [D] [thread 12929] [23.0] [cxt 0] Deparsing header 'ethernet'
[02:05:04.790] [bmv2] [D] [thread 12929] [23.0] [cxt 0] Deparser 'deparser': end
[02:05:04.790] [bmv2] [D] [thread 12933] [23.0] [cxt 0] Transmitting packet of size 70 out of port 0
[02:05:06.324] [bmv2] [D] [thread 12928] [24.0] [cxt 0] Processing packet received on port 2
[02:05:06.324] [bmv2] [D] [thread 12928] [24.0] [cxt 0] Parser 'parser': start
[02:05:06.324] [bmv2] [D] [thread 12928] [24.0] [cxt 0] Parser 'parser' entering state 'start'
[02:05:06.324] [bmv2] [D] [thread 12928] [24.0] [cxt 0] Extracting header 'ethernet'
[02:05:06.324] [bmv2] [D] [thread 12928] [24.0] [cxt 0] Parser state 'start': key is 86dd
[02:05:06.324] [bmv2] [T] [thread 12928] [24.0] [cxt 0] Bytes parsed: 14
[02:05:06.324] [bmv2] [D] [thread 12928] [24.0] [cxt 0] Parser 'parser': end
[02:05:06.324] [bmv2] [D] [thread 12928] [24.0] [cxt 0] Pipeline 'ingress': start
[02:05:06.324] [bmv2] [T] [thread 12928] [24.0] [cxt 0] basic.p4(227) Condition "hdr.ethernet.etherType == TYPE_ARP" (node_2) is false
[02:05:06.324] [bmv2] [T] [thread 12928] [24.0] [cxt 0] basic.p4(231) Condition "hdr.ipv4.isValid() && !hdr.myTunnel.isValid()" (node_4) is false
[02:05:06.324] [bmv2] [T] [thread 12928] [24.0] [cxt 0] basic.p4(236) Condition "hdr.myTunnel.isValid()" (node_6) is false
[02:05:06.324] [bmv2] [D] [thread 12928] [24.0] [cxt 0] Pipeline 'ingress': end
[02:05:06.324] [bmv2] [D] [thread 12928] [24.0] [cxt 0] Egress port is 0
[02:05:06.324] [bmv2] [D] [thread 12929] [24.0] [cxt 0] Pipeline 'egress': start
[02:05:06.324] [bmv2] [D] [thread 12929] [24.0] [cxt 0] Pipeline 'egress': end
[02:05:06.324] [bmv2] [D] [thread 12929] [24.0] [cxt 0] Deparser 'deparser': start
[02:05:06.324] [bmv2] [T] [thread 12929] [24.0] [cxt 0] Skipping checksum 'cksum' update because condition not met
[02:05:06.324] [bmv2] [D] [thread 12929] [24.0] [cxt 0] Deparsing header 'ethernet'
[02:05:06.324] [bmv2] [D] [thread 12929] [24.0] [cxt 0] Deparser 'deparser': end
[02:05:06.324] [bmv2] [D] [thread 12933] [24.0] [cxt 0] Transmitting packet of size 70 out of port 0
[02:05:06.838] [bmv2] [D] [thread 12928] [25.0] [cxt 0] Processing packet received on port 2
[02:05:06.838] [bmv2] [D] [thread 12928] [25.0] [cxt 0] Parser 'parser': start
[02:05:06.838] [bmv2] [D] [thread 12928] [25.0] [cxt 0] Parser 'parser' entering state 'start'
[02:05:06.838] [bmv2] [D] [thread 12928] [25.0] [cxt 0] Extracting header 'ethernet'
[02:05:06.838] [bmv2] [D] [thread 12928] [25.0] [cxt 0] Parser state 'start': key is 86dd
[02:05:06.838] [bmv2] [T] [thread 12928] [25.0] [cxt 0] Bytes parsed: 14
[02:05:06.838] [bmv2] [D] [thread 12928] [25.0] [cxt 0] Parser 'parser': end
[02:05:06.838] [bmv2] [D] [thread 12928] [25.0] [cxt 0] Pipeline 'ingress': start
[02:05:06.838] [bmv2] [T] [thread 12928] [25.0] [cxt 0] basic.p4(227) Condition "hdr.ethernet.etherType == TYPE_ARP" (node_2) is false
[02:05:06.838] [bmv2] [T] [thread 12928] [25.0] [cxt 0] basic.p4(231) Condition "hdr.ipv4.isValid() && !hdr.myTunnel.isValid()" (node_4) is false
[02:05:06.838] [bmv2] [T] [thread 12928] [25.0] [cxt 0] basic.p4(236) Condition "hdr.myTunnel.isValid()" (node_6) is false
[02:05:06.838] [bmv2] [D] [thread 12928] [25.0] [cxt 0] Pipeline 'ingress': end
[02:05:06.838] [bmv2] [D] [thread 12928] [25.0] [cxt 0] Egress port is 0
[02:05:06.838] [bmv2] [D] [thread 12929] [25.0] [cxt 0] Pipeline 'egress': start
[02:05:06.838] [bmv2] [D] [thread 12929] [25.0] [cxt 0] Pipeline 'egress': end
[02:05:06.838] [bmv2] [D] [thread 12929] [25.0] [cxt 0] Deparser 'deparser': start
[02:05:06.838] [bmv2] [T] [thread 12929] [25.0] [cxt 0] Skipping checksum 'cksum' update because condition not met
[02:05:06.838] [bmv2] [D] [thread 12929] [25.0] [cxt 0] Deparsing header 'ethernet'
[02:05:06.838] [bmv2] [D] [thread 12929] [25.0] [cxt 0] Deparser 'deparser': end
[02:05:06.838] [bmv2] [D] [thread 12933] [25.0] [cxt 0] Transmitting packet of size 70 out of port 0
[02:05:08.372] [bmv2] [D] [thread 12928] [26.0] [cxt 0] Processing packet received on port 1
[02:05:08.372] [bmv2] [D] [thread 12928] [26.0] [cxt 0] Parser 'parser': start
[02:05:08.372] [bmv2] [D] [thread 12928] [26.0] [cxt 0] Parser 'parser' entering state 'start'
[02:05:08.372] [bmv2] [D] [thread 12928] [26.0] [cxt 0] Extracting header 'ethernet'
[02:05:08.372] [bmv2] [D] [thread 12928] [26.0] [cxt 0] Parser state 'start': key is 86dd
[02:05:08.372] [bmv2] [T] [thread 12928] [26.0] [cxt 0] Bytes parsed: 14
[02:05:08.372] [bmv2] [D] [thread 12928] [26.0] [cxt 0] Parser 'parser': end
[02:05:08.372] [bmv2] [D] [thread 12928] [26.0] [cxt 0] Pipeline 'ingress': start
[02:05:08.372] [bmv2] [T] [thread 12928] [26.0] [cxt 0] basic.p4(227) Condition "hdr.ethernet.etherType == TYPE_ARP" (node_2) is false
[02:05:08.372] [bmv2] [T] [thread 12928] [26.0] [cxt 0] basic.p4(231) Condition "hdr.ipv4.isValid() && !hdr.myTunnel.isValid()" (node_4) is false
[02:05:08.372] [bmv2] [T] [thread 12928] [26.0] [cxt 0] basic.p4(236) Condition "hdr.myTunnel.isValid()" (node_6) is false
[02:05:08.372] [bmv2] [D] [thread 12928] [26.0] [cxt 0] Pipeline 'ingress': end
[02:05:08.372] [bmv2] [D] [thread 12928] [26.0] [cxt 0] Egress port is 0
[02:05:08.372] [bmv2] [D] [thread 12929] [26.0] [cxt 0] Pipeline 'egress': start
[02:05:08.372] [bmv2] [D] [thread 12929] [26.0] [cxt 0] Pipeline 'egress': end
[02:05:08.372] [bmv2] [D] [thread 12929] [26.0] [cxt 0] Deparser 'deparser': start
[02:05:08.372] [bmv2] [T] [thread 12929] [26.0] [cxt 0] Skipping checksum 'cksum' update because condition not met
[02:05:08.372] [bmv2] [D] [thread 12929] [26.0] [cxt 0] Deparsing header 'ethernet'
[02:05:08.372] [bmv2] [D] [thread 12929] [26.0] [cxt 0] Deparser 'deparser': end
[02:05:08.372] [bmv2] [D] [thread 12933] [26.0] [cxt 0] Transmitting packet of size 70 out of port 0
[02:05:08.967] [bmv2] [D] [thread 12928] [27.0] [cxt 0] Processing packet received on port 1
[02:05:08.967] [bmv2] [D] [thread 12928] [27.0] [cxt 0] Parser 'parser': start
[02:05:08.967] [bmv2] [D] [thread 12928] [27.0] [cxt 0] Parser 'parser' entering state 'start'
[02:05:08.967] [bmv2] [D] [thread 12928] [27.0] [cxt 0] Extracting header 'ethernet'
[02:05:08.967] [bmv2] [D] [thread 12928] [27.0] [cxt 0] Parser state 'start': key is 86dd
[02:05:08.967] [bmv2] [T] [thread 12928] [27.0] [cxt 0] Bytes parsed: 14
[02:05:08.967] [bmv2] [D] [thread 12928] [27.0] [cxt 0] Parser 'parser': end
[02:05:08.967] [bmv2] [D] [thread 12928] [27.0] [cxt 0] Pipeline 'ingress': start
[02:05:08.967] [bmv2] [T] [thread 12928] [27.0] [cxt 0] basic.p4(227) Condition "hdr.ethernet.etherType == TYPE_ARP" (node_2) is false
[02:05:08.967] [bmv2] [T] [thread 12928] [27.0] [cxt 0] basic.p4(231) Condition "hdr.ipv4.isValid() && !hdr.myTunnel.isValid()" (node_4) is false
[02:05:08.967] [bmv2] [T] [thread 12928] [27.0] [cxt 0] basic.p4(236) Condition "hdr.myTunnel.isValid()" (node_6) is false
[02:05:08.967] [bmv2] [D] [thread 12928] [27.0] [cxt 0] Pipeline 'ingress': end
[02:05:08.967] [bmv2] [D] [thread 12928] [27.0] [cxt 0] Egress port is 0
[02:05:08.967] [bmv2] [D] [thread 12928] [28.0] [cxt 0] Processing packet received on port 2
[02:05:08.967] [bmv2] [D] [thread 12928] [28.0] [cxt 0] Parser 'parser': start
[02:05:08.967] [bmv2] [D] [thread 12928] [28.0] [cxt 0] Parser 'parser' entering state 'start'
[02:05:08.967] [bmv2] [D] [thread 12928] [28.0] [cxt 0] Extracting header 'ethernet'
[02:05:08.967] [bmv2] [D] [thread 12928] [28.0] [cxt 0] Parser state 'start': key is 86dd
[02:05:08.967] [bmv2] [T] [thread 12928] [28.0] [cxt 0] Bytes parsed: 14
[02:05:08.967] [bmv2] [D] [thread 12928] [28.0] [cxt 0] Parser 'parser': end
[02:05:08.967] [bmv2] [D] [thread 12928] [28.0] [cxt 0] Pipeline 'ingress': start
[02:05:08.967] [bmv2] [T] [thread 12928] [28.0] [cxt 0] basic.p4(227) Condition "hdr.ethernet.etherType == TYPE_ARP" (node_2) is false
[02:05:08.967] [bmv2] [T] [thread 12928] [28.0] [cxt 0] basic.p4(231) Condition "hdr.ipv4.isValid() && !hdr.myTunnel.isValid()" (node_4) is false
[02:05:08.967] [bmv2] [T] [thread 12928] [28.0] [cxt 0] basic.p4(236) Condition "hdr.myTunnel.isValid()" (node_6) is false
[02:05:08.967] [bmv2] [D] [thread 12928] [28.0] [cxt 0] Pipeline 'ingress': end
[02:05:08.967] [bmv2] [D] [thread 12928] [28.0] [cxt 0] Egress port is 0
[02:05:08.967] [bmv2] [D] [thread 12929] [27.0] [cxt 0] Pipeline 'egress': start
[02:05:08.967] [bmv2] [D] [thread 12929] [27.0] [cxt 0] Pipeline 'egress': end
[02:05:08.967] [bmv2] [D] [thread 12929] [27.0] [cxt 0] Deparser 'deparser': start
[02:05:08.967] [bmv2] [T] [thread 12929] [27.0] [cxt 0] Skipping checksum 'cksum' update because condition not met
[02:05:08.967] [bmv2] [D] [thread 12929] [27.0] [cxt 0] Deparsing header 'ethernet'
[02:05:08.967] [bmv2] [D] [thread 12929] [27.0] [cxt 0] Deparser 'deparser': end
[02:05:08.967] [bmv2] [D] [thread 12929] [28.0] [cxt 0] Pipeline 'egress': start
[02:05:08.967] [bmv2] [D] [thread 12929] [28.0] [cxt 0] Pipeline 'egress': end
[02:05:08.967] [bmv2] [D] [thread 12929] [28.0] [cxt 0] Deparser 'deparser': start
[02:05:08.967] [bmv2] [D] [thread 12933] [27.0] [cxt 0] Transmitting packet of size 203 out of port 0
[02:05:08.967] [bmv2] [T] [thread 12929] [28.0] [cxt 0] Skipping checksum 'cksum' update because condition not met
[02:05:08.967] [bmv2] [D] [thread 12929] [28.0] [cxt 0] Deparsing header 'ethernet'
[02:05:08.967] [bmv2] [D] [thread 12929] [28.0] [cxt 0] Deparser 'deparser': end
[02:05:08.967] [bmv2] [D] [thread 12933] [28.0] [cxt 0] Transmitting packet of size 203 out of port 0
[02:05:09.280] [bmv2] [D] [thread 12928] [29.0] [cxt 0] Processing packet received on port 2
[02:05:09.280] [bmv2] [D] [thread 12928] [29.0] [cxt 0] Parser 'parser': start
[02:05:09.280] [bmv2] [D] [thread 12928] [29.0] [cxt 0] Parser 'parser' entering state 'start'
[02:05:09.280] [bmv2] [D] [thread 12928] [29.0] [cxt 0] Extracting header 'ethernet'
[02:05:09.280] [bmv2] [D] [thread 12928] [29.0] [cxt 0] Parser state 'start': key is 86dd
[02:05:09.280] [bmv2] [T] [thread 12928] [29.0] [cxt 0] Bytes parsed: 14
[02:05:09.280] [bmv2] [D] [thread 12928] [29.0] [cxt 0] Parser 'parser': end
[02:05:09.280] [bmv2] [D] [thread 12928] [29.0] [cxt 0] Pipeline 'ingress': start
[02:05:09.280] [bmv2] [T] [thread 12928] [29.0] [cxt 0] basic.p4(227) Condition "hdr.ethernet.etherType == TYPE_ARP" (node_2) is false
[02:05:09.280] [bmv2] [T] [thread 12928] [29.0] [cxt 0] basic.p4(231) Condition "hdr.ipv4.isValid() && !hdr.myTunnel.isValid()" (node_4) is false
[02:05:09.280] [bmv2] [T] [thread 12928] [29.0] [cxt 0] basic.p4(236) Condition "hdr.myTunnel.isValid()" (node_6) is false
[02:05:09.280] [bmv2] [D] [thread 12928] [29.0] [cxt 0] Pipeline 'ingress': end
[02:05:09.280] [bmv2] [D] [thread 12928] [29.0] [cxt 0] Egress port is 0
[02:05:09.280] [bmv2] [D] [thread 12929] [29.0] [cxt 0] Pipeline 'egress': start
[02:05:09.280] [bmv2] [D] [thread 12929] [29.0] [cxt 0] Pipeline 'egress': end
[02:05:09.280] [bmv2] [D] [thread 12929] [29.0] [cxt 0] Deparser 'deparser': start
[02:05:09.280] [bmv2] [T] [thread 12929] [29.0] [cxt 0] Skipping checksum 'cksum' update because condition not met
[02:05:09.280] [bmv2] [D] [thread 12929] [29.0] [cxt 0] Deparsing header 'ethernet'
[02:05:09.280] [bmv2] [D] [thread 12929] [29.0] [cxt 0] Deparser 'deparser': end
[02:05:09.280] [bmv2] [D] [thread 12933] [29.0] [cxt 0] Transmitting packet of size 203 out of port 0
[02:05:09.790] [bmv2] [D] [thread 12928] [30.0] [cxt 0] Processing packet received on port 1
[02:05:09.790] [bmv2] [D] [thread 12928] [30.0] [cxt 0] Parser 'parser': start
[02:05:09.790] [bmv2] [D] [thread 12928] [30.0] [cxt 0] Parser 'parser' entering state 'start'
[02:05:09.790] [bmv2] [D] [thread 12928] [30.0] [cxt 0] Extracting header 'ethernet'
[02:05:09.790] [bmv2] [D] [thread 12928] [30.0] [cxt 0] Parser state 'start': key is 86dd
[02:05:09.790] [bmv2] [T] [thread 12928] [30.0] [cxt 0] Bytes parsed: 14
[02:05:09.790] [bmv2] [D] [thread 12928] [30.0] [cxt 0] Parser 'parser': end
[02:05:09.790] [bmv2] [D] [thread 12928] [30.0] [cxt 0] Pipeline 'ingress': start
[02:05:09.790] [bmv2] [T] [thread 12928] [30.0] [cxt 0] basic.p4(227) Condition "hdr.ethernet.etherType == TYPE_ARP" (node_2) is false
[02:05:09.790] [bmv2] [T] [thread 12928] [30.0] [cxt 0] basic.p4(231) Condition "hdr.ipv4.isValid() && !hdr.myTunnel.isValid()" (node_4) is false
[02:05:09.790] [bmv2] [T] [thread 12928] [30.0] [cxt 0] basic.p4(236) Condition "hdr.myTunnel.isValid()" (node_6) is false
[02:05:09.790] [bmv2] [D] [thread 12928] [30.0] [cxt 0] Pipeline 'ingress': end
[02:05:09.790] [bmv2] [D] [thread 12928] [30.0] [cxt 0] Egress port is 0
[02:05:09.790] [bmv2] [D] [thread 12929] [30.0] [cxt 0] Pipeline 'egress': start
[02:05:09.790] [bmv2] [D] [thread 12929] [30.0] [cxt 0] Pipeline 'egress': end
[02:05:09.790] [bmv2] [D] [thread 12929] [30.0] [cxt 0] Deparser 'deparser': start
[02:05:09.790] [bmv2] [T] [thread 12929] [30.0] [cxt 0] Skipping checksum 'cksum' update because condition not met
[02:05:09.790] [bmv2] [D] [thread 12929] [30.0] [cxt 0] Deparsing header 'ethernet'
[02:05:09.790] [bmv2] [D] [thread 12929] [30.0] [cxt 0] Deparser 'deparser': end
[02:05:09.790] [bmv2] [D] [thread 12933] [30.0] [cxt 0] Transmitting packet of size 203 out of port 0
[02:05:14.882] [bmv2] [W] [thread 13012] [P4Runtime] p4::tmp::P4DeviceConfig is deprecated
[02:05:14.885] [bmv2] [D] [thread 13012] Set default default entry for table 'MyIngress.arp_match': MyIngress.drop - 
[02:05:14.885] [bmv2] [D] [thread 13012] Set default default entry for table 'MyIngress.ipv4_lpm': NoAction - 
[02:05:14.885] [bmv2] [D] [thread 13012] Set default default entry for table 'MyIngress.myTunnel_exact': MyIngress.drop - 
[02:05:14.886] [bmv2] [D] [thread 13012] simple_switch target has been notified of a config swap
[02:05:19.124] [bmv2] [D] [thread 12928] [31.0] [cxt 0] Processing packet received on port 1
[02:05:19.124] [bmv2] [D] [thread 12928] [31.0] [cxt 0] Parser 'parser': start
[02:05:19.124] [bmv2] [D] [thread 12928] [31.0] [cxt 0] Parser 'parser' entering state 'start'
[02:05:19.124] [bmv2] [D] [thread 12928] [31.0] [cxt 0] Extracting header 'ethernet'
[02:05:19.124] [bmv2] [D] [thread 12928] [31.0] [cxt 0] Parser state 'start': key is 86dd
[02:05:19.124] [bmv2] [T] [thread 12928] [31.0] [cxt 0] Bytes parsed: 14
[02:05:19.124] [bmv2] [D] [thread 12928] [31.0] [cxt 0] Parser 'parser': end
[02:05:19.124] [bmv2] [D] [thread 12928] [31.0] [cxt 0] Pipeline 'ingress': start
[02:05:19.124] [bmv2] [T] [thread 12928] [31.0] [cxt 0] basic.p4(227) Condition "hdr.ethernet.etherType == TYPE_ARP" (node_2) is false
[02:05:19.124] [bmv2] [T] [thread 12928] [31.0] [cxt 0] basic.p4(231) Condition "hdr.ipv4.isValid() && !hdr.myTunnel.isValid()" (node_4) is false
[02:05:19.124] [bmv2] [T] [thread 12928] [31.0] [cxt 0] basic.p4(236) Condition "hdr.myTunnel.isValid()" (node_6) is false
[02:05:19.124] [bmv2] [D] [thread 12928] [31.0] [cxt 0] Pipeline 'ingress': end
[02:05:19.124] [bmv2] [D] [thread 12928] [31.0] [cxt 0] Egress port is 0
[02:05:19.124] [bmv2] [D] [thread 12929] [31.0] [cxt 0] Pipeline 'egress': start
[02:05:19.124] [bmv2] [D] [thread 12929] [31.0] [cxt 0] Pipeline 'egress': end
[02:05:19.124] [bmv2] [D] [thread 12929] [31.0] [cxt 0] Deparser 'deparser': start
[02:05:19.124] [bmv2] [T] [thread 12929] [31.0] [cxt 0] Skipping checksum 'cksum' update because condition not met
[02:05:19.124] [bmv2] [D] [thread 12929] [31.0] [cxt 0] Deparsing header 'ethernet'
[02:05:19.124] [bmv2] [D] [thread 12929] [31.0] [cxt 0] Deparser 'deparser': end
[02:05:19.124] [bmv2] [D] [thread 12933] [31.0] [cxt 0] Transmitting packet of size 70 out of port 0
[02:05:22.197] [bmv2] [D] [thread 12928] [32.0] [cxt 0] Processing packet received on port 2
[02:05:22.197] [bmv2] [D] [thread 12928] [32.0] [cxt 0] Parser 'parser': start
[02:05:22.197] [bmv2] [D] [thread 12928] [32.0] [cxt 0] Parser 'parser' entering state 'start'
[02:05:22.197] [bmv2] [D] [thread 12928] [32.0] [cxt 0] Extracting header 'ethernet'
[02:05:22.197] [bmv2] [D] [thread 12928] [32.0] [cxt 0] Parser state 'start': key is 86dd
[02:05:22.197] [bmv2] [T] [thread 12928] [32.0] [cxt 0] Bytes parsed: 14
[02:05:22.197] [bmv2] [D] [thread 12928] [32.0] [cxt 0] Parser 'parser': end
[02:05:22.197] [bmv2] [D] [thread 12928] [32.0] [cxt 0] Pipeline 'ingress': start
[02:05:22.197] [bmv2] [T] [thread 12928] [32.0] [cxt 0] basic.p4(227) Condition "hdr.ethernet.etherType == TYPE_ARP" (node_2) is false
[02:05:22.197] [bmv2] [T] [thread 12928] [32.0] [cxt 0] basic.p4(231) Condition "hdr.ipv4.isValid() && !hdr.myTunnel.isValid()" (node_4) is false
[02:05:22.197] [bmv2] [T] [thread 12928] [32.0] [cxt 0] basic.p4(236) Condition "hdr.myTunnel.isValid()" (node_6) is false
[02:05:22.197] [bmv2] [D] [thread 12928] [32.0] [cxt 0] Pipeline 'ingress': end
[02:05:22.197] [bmv2] [D] [thread 12928] [32.0] [cxt 0] Egress port is 0
[02:05:22.197] [bmv2] [D] [thread 12929] [32.0] [cxt 0] Pipeline 'egress': start
[02:05:22.197] [bmv2] [D] [thread 12929] [32.0] [cxt 0] Pipeline 'egress': end
[02:05:22.197] [bmv2] [D] [thread 12929] [32.0] [cxt 0] Deparser 'deparser': start
[02:05:22.197] [bmv2] [T] [thread 12929] [32.0] [cxt 0] Skipping checksum 'cksum' update because condition not met
[02:05:22.197] [bmv2] [D] [thread 12929] [32.0] [cxt 0] Deparsing header 'ethernet'
[02:05:22.197] [bmv2] [D] [thread 12929] [32.0] [cxt 0] Deparser 'deparser': end
[02:05:22.197] [bmv2] [D] [thread 12933] [32.0] [cxt 0] Transmitting packet of size 70 out of port 0
[02:05:23.733] [bmv2] [D] [thread 12928] [33.0] [cxt 0] Processing packet received on port 2
[02:05:23.733] [bmv2] [D] [thread 12928] [33.0] [cxt 0] Parser 'parser': start
[02:05:23.733] [bmv2] [D] [thread 12928] [33.0] [cxt 0] Parser 'parser' entering state 'start'
[02:05:23.733] [bmv2] [D] [thread 12928] [33.0] [cxt 0] Extracting header 'ethernet'
[02:05:23.733] [bmv2] [D] [thread 12928] [33.0] [cxt 0] Parser state 'start': key is 86dd
[02:05:23.733] [bmv2] [T] [thread 12928] [33.0] [cxt 0] Bytes parsed: 14
[02:05:23.733] [bmv2] [D] [thread 12928] [33.0] [cxt 0] Parser 'parser': end
[02:05:23.733] [bmv2] [D] [thread 12928] [33.0] [cxt 0] Pipeline 'ingress': start
[02:05:23.733] [bmv2] [T] [thread 12928] [33.0] [cxt 0] basic.p4(227) Condition "hdr.ethernet.etherType == TYPE_ARP" (node_2) is false
[02:05:23.733] [bmv2] [T] [thread 12928] [33.0] [cxt 0] basic.p4(231) Condition "hdr.ipv4.isValid() && !hdr.myTunnel.isValid()" (node_4) is false
[02:05:23.733] [bmv2] [T] [thread 12928] [33.0] [cxt 0] basic.p4(236) Condition "hdr.myTunnel.isValid()" (node_6) is false
[02:05:23.733] [bmv2] [D] [thread 12928] [33.0] [cxt 0] Pipeline 'ingress': end
[02:05:23.733] [bmv2] [D] [thread 12928] [33.0] [cxt 0] Egress port is 0
[02:05:23.733] [bmv2] [D] [thread 12929] [33.0] [cxt 0] Pipeline 'egress': start
[02:05:23.733] [bmv2] [D] [thread 12929] [33.0] [cxt 0] Pipeline 'egress': end
[02:05:23.733] [bmv2] [D] [thread 12929] [33.0] [cxt 0] Deparser 'deparser': start
[02:05:23.733] [bmv2] [T] [thread 12929] [33.0] [cxt 0] Skipping checksum 'cksum' update because condition not met
[02:05:23.733] [bmv2] [D] [thread 12929] [33.0] [cxt 0] Deparsing header 'ethernet'
[02:05:23.733] [bmv2] [D] [thread 12929] [33.0] [cxt 0] Deparser 'deparser': end
[02:05:23.733] [bmv2] [D] [thread 12933] [33.0] [cxt 0] Transmitting packet of size 70 out of port 0
[02:05:24.985] [bmv2] [D] [thread 12928] [34.0] [cxt 0] Processing packet received on port 1
[02:05:24.985] [bmv2] [D] [thread 12928] [34.0] [cxt 0] Parser 'parser': start
[02:05:24.985] [bmv2] [D] [thread 12928] [34.0] [cxt 0] Parser 'parser' entering state 'start'
[02:05:24.985] [bmv2] [D] [thread 12928] [34.0] [cxt 0] Extracting header 'ethernet'
[02:05:24.985] [bmv2] [D] [thread 12928] [34.0] [cxt 0] Parser state 'start': key is 86dd
[02:05:24.985] [bmv2] [T] [thread 12928] [34.0] [cxt 0] Bytes parsed: 14
[02:05:24.985] [bmv2] [D] [thread 12928] [34.0] [cxt 0] Parser 'parser': end
[02:05:24.985] [bmv2] [D] [thread 12928] [34.0] [cxt 0] Pipeline 'ingress': start
[02:05:24.985] [bmv2] [T] [thread 12928] [34.0] [cxt 0] basic.p4(227) Condition "hdr.ethernet.etherType == TYPE_ARP" (node_2) is false
[02:05:24.985] [bmv2] [T] [thread 12928] [34.0] [cxt 0] basic.p4(231) Condition "hdr.ipv4.isValid() && !hdr.myTunnel.isValid()" (node_4) is false
[02:05:24.985] [bmv2] [T] [thread 12928] [34.0] [cxt 0] basic.p4(236) Condition "hdr.myTunnel.isValid()" (node_6) is false
[02:05:24.985] [bmv2] [D] [thread 12928] [34.0] [cxt 0] Pipeline 'ingress': end
[02:05:24.985] [bmv2] [D] [thread 12928] [34.0] [cxt 0] Egress port is 0
[02:05:24.985] [bmv2] [D] [thread 12928] [35.0] [cxt 0] Processing packet received on port 2
[02:05:24.985] [bmv2] [D] [thread 12928] [35.0] [cxt 0] Parser 'parser': start
[02:05:24.985] [bmv2] [D] [thread 12928] [35.0] [cxt 0] Parser 'parser' entering state 'start'
[02:05:24.985] [bmv2] [D] [thread 12928] [35.0] [cxt 0] Extracting header 'ethernet'
[02:05:24.985] [bmv2] [D] [thread 12928] [35.0] [cxt 0] Parser state 'start': key is 86dd
[02:05:24.985] [bmv2] [T] [thread 12928] [35.0] [cxt 0] Bytes parsed: 14
[02:05:24.985] [bmv2] [D] [thread 12928] [35.0] [cxt 0] Parser 'parser': end
[02:05:24.985] [bmv2] [D] [thread 12928] [35.0] [cxt 0] Pipeline 'ingress': start
[02:05:24.985] [bmv2] [T] [thread 12928] [35.0] [cxt 0] basic.p4(227) Condition "hdr.ethernet.etherType == TYPE_ARP" (node_2) is false
[02:05:24.985] [bmv2] [T] [thread 12928] [35.0] [cxt 0] basic.p4(231) Condition "hdr.ipv4.isValid() && !hdr.myTunnel.isValid()" (node_4) is false
[02:05:24.985] [bmv2] [T] [thread 12928] [35.0] [cxt 0] basic.p4(236) Condition "hdr.myTunnel.isValid()" (node_6) is false
[02:05:24.985] [bmv2] [D] [thread 12928] [35.0] [cxt 0] Pipeline 'ingress': end
[02:05:24.985] [bmv2] [D] [thread 12928] [35.0] [cxt 0] Egress port is 0
[02:05:24.985] [bmv2] [D] [thread 12929] [34.0] [cxt 0] Pipeline 'egress': start
[02:05:24.985] [bmv2] [D] [thread 12929] [34.0] [cxt 0] Pipeline 'egress': end
[02:05:24.985] [bmv2] [D] [thread 12929] [34.0] [cxt 0] Deparser 'deparser': start
[02:05:24.985] [bmv2] [T] [thread 12929] [34.0] [cxt 0] Skipping checksum 'cksum' update because condition not met
[02:05:24.985] [bmv2] [D] [thread 12929] [34.0] [cxt 0] Deparsing header 'ethernet'
[02:05:24.985] [bmv2] [D] [thread 12929] [34.0] [cxt 0] Deparser 'deparser': end
[02:05:24.985] [bmv2] [D] [thread 12929] [35.0] [cxt 0] Pipeline 'egress': start
[02:05:24.985] [bmv2] [D] [thread 12929] [35.0] [cxt 0] Pipeline 'egress': end
[02:05:24.985] [bmv2] [D] [thread 12929] [35.0] [cxt 0] Deparser 'deparser': start
[02:05:24.985] [bmv2] [T] [thread 12929] [35.0] [cxt 0] Skipping checksum 'cksum' update because condition not met
[02:05:24.985] [bmv2] [D] [thread 12929] [35.0] [cxt 0] Deparsing header 'ethernet'
[02:05:24.985] [bmv2] [D] [thread 12929] [35.0] [cxt 0] Deparser 'deparser': end
[02:05:24.985] [bmv2] [D] [thread 12933] [34.0] [cxt 0] Transmitting packet of size 203 out of port 0
[02:05:24.985] [bmv2] [D] [thread 12933] [35.0] [cxt 0] Transmitting packet of size 203 out of port 0
[02:05:25.282] [bmv2] [D] [thread 12928] [36.0] [cxt 0] Processing packet received on port 2
[02:05:25.282] [bmv2] [D] [thread 12928] [36.0] [cxt 0] Parser 'parser': start
[02:05:25.282] [bmv2] [D] [thread 12928] [36.0] [cxt 0] Parser 'parser' entering state 'start'
[02:05:25.282] [bmv2] [D] [thread 12928] [36.0] [cxt 0] Extracting header 'ethernet'
[02:05:25.282] [bmv2] [D] [thread 12928] [36.0] [cxt 0] Parser state 'start': key is 86dd
[02:05:25.282] [bmv2] [T] [thread 12928] [36.0] [cxt 0] Bytes parsed: 14
[02:05:25.282] [bmv2] [D] [thread 12928] [36.0] [cxt 0] Parser 'parser': end
[02:05:25.282] [bmv2] [D] [thread 12928] [36.0] [cxt 0] Pipeline 'ingress': start
[02:05:25.282] [bmv2] [T] [thread 12928] [36.0] [cxt 0] basic.p4(227) Condition "hdr.ethernet.etherType == TYPE_ARP" (node_2) is false
[02:05:25.282] [bmv2] [T] [thread 12928] [36.0] [cxt 0] basic.p4(231) Condition "hdr.ipv4.isValid() && !hdr.myTunnel.isValid()" (node_4) is false
[02:05:25.282] [bmv2] [T] [thread 12928] [36.0] [cxt 0] basic.p4(236) Condition "hdr.myTunnel.isValid()" (node_6) is false
[02:05:25.282] [bmv2] [D] [thread 12928] [36.0] [cxt 0] Pipeline 'ingress': end
[02:05:25.282] [bmv2] [D] [thread 12928] [36.0] [cxt 0] Egress port is 0
[02:05:25.282] [bmv2] [D] [thread 12929] [36.0] [cxt 0] Pipeline 'egress': start
[02:05:25.282] [bmv2] [D] [thread 12929] [36.0] [cxt 0] Pipeline 'egress': end
[02:05:25.282] [bmv2] [D] [thread 12929] [36.0] [cxt 0] Deparser 'deparser': start
[02:05:25.282] [bmv2] [T] [thread 12929] [36.0] [cxt 0] Skipping checksum 'cksum' update because condition not met
[02:05:25.282] [bmv2] [D] [thread 12929] [36.0] [cxt 0] Deparsing header 'ethernet'
[02:05:25.282] [bmv2] [D] [thread 12929] [36.0] [cxt 0] Deparser 'deparser': end
[02:05:25.282] [bmv2] [D] [thread 12933] [36.0] [cxt 0] Transmitting packet of size 203 out of port 0
[02:05:25.794] [bmv2] [D] [thread 12928] [37.0] [cxt 0] Processing packet received on port 1
[02:05:25.794] [bmv2] [D] [thread 12928] [37.0] [cxt 0] Parser 'parser': start
[02:05:25.794] [bmv2] [D] [thread 12928] [37.0] [cxt 0] Parser 'parser' entering state 'start'
[02:05:25.794] [bmv2] [D] [thread 12928] [37.0] [cxt 0] Extracting header 'ethernet'
[02:05:25.794] [bmv2] [D] [thread 12928] [37.0] [cxt 0] Parser state 'start': key is 86dd
[02:05:25.794] [bmv2] [T] [thread 12928] [37.0] [cxt 0] Bytes parsed: 14
[02:05:25.794] [bmv2] [D] [thread 12928] [37.0] [cxt 0] Parser 'parser': end
[02:05:25.794] [bmv2] [D] [thread 12928] [37.0] [cxt 0] Pipeline 'ingress': start
[02:05:25.794] [bmv2] [T] [thread 12928] [37.0] [cxt 0] basic.p4(227) Condition "hdr.ethernet.etherType == TYPE_ARP" (node_2) is false
[02:05:25.794] [bmv2] [T] [thread 12928] [37.0] [cxt 0] basic.p4(231) Condition "hdr.ipv4.isValid() && !hdr.myTunnel.isValid()" (node_4) is false
[02:05:25.794] [bmv2] [T] [thread 12928] [37.0] [cxt 0] basic.p4(236) Condition "hdr.myTunnel.isValid()" (node_6) is false
[02:05:25.794] [bmv2] [D] [thread 12928] [37.0] [cxt 0] Pipeline 'ingress': end
[02:05:25.794] [bmv2] [D] [thread 12928] [37.0] [cxt 0] Egress port is 0
[02:05:25.794] [bmv2] [D] [thread 12929] [37.0] [cxt 0] Pipeline 'egress': start
[02:05:25.794] [bmv2] [D] [thread 12929] [37.0] [cxt 0] Pipeline 'egress': end
[02:05:25.794] [bmv2] [D] [thread 12929] [37.0] [cxt 0] Deparser 'deparser': start
[02:05:25.794] [bmv2] [T] [thread 12929] [37.0] [cxt 0] Skipping checksum 'cksum' update because condition not met
[02:05:25.794] [bmv2] [D] [thread 12929] [37.0] [cxt 0] Deparsing header 'ethernet'
[02:05:25.794] [bmv2] [D] [thread 12929] [37.0] [cxt 0] Deparser 'deparser': end
[02:05:25.794] [bmv2] [D] [thread 12933] [37.0] [cxt 0] Transmitting packet of size 203 out of port 0
[02:05:26.805] [bmv2] [D] [thread 12928] [38.0] [cxt 0] Processing packet received on port 1
[02:05:26.805] [bmv2] [D] [thread 12928] [38.0] [cxt 0] Parser 'parser': start
[02:05:26.805] [bmv2] [D] [thread 12928] [38.0] [cxt 0] Parser 'parser' entering state 'start'
[02:05:26.805] [bmv2] [D] [thread 12928] [38.0] [cxt 0] Extracting header 'ethernet'
[02:05:26.805] [bmv2] [D] [thread 12928] [38.0] [cxt 0] Parser state 'start': key is 86dd
[02:05:26.805] [bmv2] [T] [thread 12928] [38.0] [cxt 0] Bytes parsed: 14
[02:05:26.805] [bmv2] [D] [thread 12928] [38.0] [cxt 0] Parser 'parser': end
[02:05:26.805] [bmv2] [D] [thread 12928] [38.0] [cxt 0] Pipeline 'ingress': start
[02:05:26.805] [bmv2] [T] [thread 12928] [38.0] [cxt 0] basic.p4(227) Condition "hdr.ethernet.etherType == TYPE_ARP" (node_2) is false
[02:05:26.805] [bmv2] [T] [thread 12928] [38.0] [cxt 0] basic.p4(231) Condition "hdr.ipv4.isValid() && !hdr.myTunnel.isValid()" (node_4) is false
[02:05:26.805] [bmv2] [T] [thread 12928] [38.0] [cxt 0] basic.p4(236) Condition "hdr.myTunnel.isValid()" (node_6) is false
[02:05:26.805] [bmv2] [D] [thread 12928] [38.0] [cxt 0] Pipeline 'ingress': end
[02:05:26.805] [bmv2] [D] [thread 12928] [38.0] [cxt 0] Egress port is 0
[02:05:26.805] [bmv2] [D] [thread 12929] [38.0] [cxt 0] Pipeline 'egress': start
[02:05:26.805] [bmv2] [D] [thread 12929] [38.0] [cxt 0] Pipeline 'egress': end
[02:05:26.805] [bmv2] [D] [thread 12929] [38.0] [cxt 0] Deparser 'deparser': start
[02:05:26.805] [bmv2] [T] [thread 12929] [38.0] [cxt 0] Skipping checksum 'cksum' update because condition not met
[02:05:26.805] [bmv2] [D] [thread 12929] [38.0] [cxt 0] Deparsing header 'ethernet'
[02:05:26.805] [bmv2] [D] [thread 12929] [38.0] [cxt 0] Deparser 'deparser': end
[02:05:26.805] [bmv2] [D] [thread 12933] [38.0] [cxt 0] Transmitting packet of size 70 out of port 0
open: No such file or directory
open: No such file or directory
open: No such file or directory
open: No such file or directory
open: No such file or directory
